CRITICAL - 2024-05-04 06:33:53 --> CodeIgniter\View\Exceptions\ViewException: Invalid file: "layout/sidebar.php"
[Method: GET, Route: /]
in SYSTEMPATH\Exceptions\FrameworkException.php on line 41.
 1 SYSTEMPATH\View\View.php(222): CodeIgniter\Exceptions\FrameworkException::forInvalidFile('layout/sidebar.php')
 2 SYSTEMPATH\View\View.php(484): CodeIgniter\View\View->render('layout/sidebar', null, true)
 3 APPPATH\Views\layout\base.php(22): CodeIgniter\View\View->include('layout/sidebar')
 4 SYSTEMPATH\View\View.php(234): include('D:\\LARAGON\\kosfadli\\app\\Views\\layout\\base.php')
 5 SYSTEMPATH\View\View.php(237): CodeIgniter\View\View->CodeIgniter\View\{closure}()
 6 SYSTEMPATH\Common.php(1171): CodeIgniter\View\View->render('layout/base', [], true)
 7 APPPATH\Controllers\Home.php(9): view('layout/base')
 8 SYSTEMPATH\CodeIgniter.php(933): App\Controllers\Home->index()
 9 SYSTEMPATH\CodeIgniter.php(509): CodeIgniter\CodeIgniter->runController(Object(App\Controllers\Home))
10 SYSTEMPATH\CodeIgniter.php(355): CodeIgniter\CodeIgniter->handleRequest(null, Object(Config\Cache), false)
11 SYSTEMPATH\Boot.php(312): CodeIgniter\CodeIgniter->run()
12 SYSTEMPATH\Boot.php(67): CodeIgniter\Boot::runCodeIgniter(Object(CodeIgniter\CodeIgniter))
13 FCPATH\index.php(56): CodeIgniter\Boot::bootWeb(Object(Config\Paths))
CRITICAL - 2024-05-04 09:57:45 --> ErrorException: Undefined property: CodeIgniter\View\View::$uri
[Method: GET, Route: user]
in APPPATH\Views\layout\sidebar.php on line 55.
 1 APPPATH\Views\layout\sidebar.php(55): CodeIgniter\Debug\Exceptions->errorHandler(2, 'Undefined property: CodeIgniter\\View\\View::$uri', 'D:\\LARAGON\\kosfadli\\app\\Views\\layout\\sidebar.php', 55)
 2 SYSTEMPATH\View\View.php(234): include('D:\\LARAGON\\kosfadli\\app\\Views\\layout\\sidebar.php')
 3 SYSTEMPATH\View\View.php(237): CodeIgniter\View\View->CodeIgniter\View\{closure}()
 4 SYSTEMPATH\View\View.php(484): CodeIgniter\View\View->render('layout/sidebar', null, true)
 5 APPPATH\Views\layout\base.php(26): CodeIgniter\View\View->include('layout/sidebar')
 6 SYSTEMPATH\View\View.php(234): include('D:\\LARAGON\\kosfadli\\app\\Views\\layout\\base.php')
 7 SYSTEMPATH\View\View.php(237): CodeIgniter\View\View->CodeIgniter\View\{closure}()
 8 SYSTEMPATH\View\View.php(250): CodeIgniter\View\View->render('layout/base', [], true)
 9 SYSTEMPATH\Common.php(1171): CodeIgniter\View\View->render('user/index', [], true)
10 APPPATH\Controllers\User.php(9): view('user/index')
11 SYSTEMPATH\CodeIgniter.php(933): App\Controllers\User->index()
12 SYSTEMPATH\CodeIgniter.php(509): CodeIgniter\CodeIgniter->runController(Object(App\Controllers\User))
13 SYSTEMPATH\CodeIgniter.php(355): CodeIgniter\CodeIgniter->handleRequest(null, Object(Config\Cache), false)
14 SYSTEMPATH\Boot.php(312): CodeIgniter\CodeIgniter->run()
15 SYSTEMPATH\Boot.php(67): CodeIgniter\Boot::runCodeIgniter(Object(CodeIgniter\CodeIgniter))
16 FCPATH\index.php(56): CodeIgniter\Boot::bootWeb(Object(Config\Paths))
CRITICAL - 2024-05-04 09:58:54 --> ErrorException: Undefined property: CodeIgniter\View\View::$uri
[Method: GET, Route: user]
in APPPATH\Views\layout\sidebar.php on line 55.
 1 APPPATH\Views\layout\sidebar.php(55): CodeIgniter\Debug\Exceptions->errorHandler(2, 'Undefined property: CodeIgniter\\View\\View::$uri', 'D:\\LARAGON\\kosfadli\\app\\Views\\layout\\sidebar.php', 55)
 2 SYSTEMPATH\View\View.php(234): include('D:\\LARAGON\\kosfadli\\app\\Views\\layout\\sidebar.php')
 3 SYSTEMPATH\View\View.php(237): CodeIgniter\View\View->CodeIgniter\View\{closure}()
 4 SYSTEMPATH\View\View.php(484): CodeIgniter\View\View->render('layout/sidebar', null, true)
 5 APPPATH\Views\layout\base.php(26): CodeIgniter\View\View->include('layout/sidebar')
 6 SYSTEMPATH\View\View.php(234): include('D:\\LARAGON\\kosfadli\\app\\Views\\layout\\base.php')
 7 SYSTEMPATH\View\View.php(237): CodeIgniter\View\View->CodeIgniter\View\{closure}()
 8 SYSTEMPATH\View\View.php(250): CodeIgniter\View\View->render('layout/base', [], true)
 9 SYSTEMPATH\Common.php(1171): CodeIgniter\View\View->render('user/index', [], true)
10 APPPATH\Controllers\User.php(9): view('user/index')
11 SYSTEMPATH\CodeIgniter.php(933): App\Controllers\User->index()
12 SYSTEMPATH\CodeIgniter.php(509): CodeIgniter\CodeIgniter->runController(Object(App\Controllers\User))
13 SYSTEMPATH\CodeIgniter.php(355): CodeIgniter\CodeIgniter->handleRequest(null, Object(Config\Cache), false)
14 SYSTEMPATH\Boot.php(312): CodeIgniter\CodeIgniter->run()
15 SYSTEMPATH\Boot.php(67): CodeIgniter\Boot::runCodeIgniter(Object(CodeIgniter\CodeIgniter))
16 FCPATH\index.php(56): CodeIgniter\Boot::bootWeb(Object(Config\Paths))
CRITICAL - 2024-05-04 10:05:25 --> ErrorException: Undefined property: CodeIgniter\View\View::$uri
[Method: GET, Route: /]
in APPPATH\Views\layout\sidebar.php on line 55.
 1 APPPATH\Views\layout\sidebar.php(55): CodeIgniter\Debug\Exceptions->errorHandler(2, 'Undefined property: CodeIgniter\\View\\View::$uri', 'D:\\LARAGON\\kosfadli\\app\\Views\\layout\\sidebar.php', 55)
 2 SYSTEMPATH\View\View.php(234): include('D:\\LARAGON\\kosfadli\\app\\Views\\layout\\sidebar.php')
 3 SYSTEMPATH\View\View.php(237): CodeIgniter\View\View->CodeIgniter\View\{closure}()
 4 SYSTEMPATH\View\View.php(484): CodeIgniter\View\View->render('layout/sidebar', null, true)
 5 APPPATH\Views\layout\base.php(26): CodeIgniter\View\View->include('layout/sidebar')
 6 SYSTEMPATH\View\View.php(234): include('D:\\LARAGON\\kosfadli\\app\\Views\\layout\\base.php')
 7 SYSTEMPATH\View\View.php(237): CodeIgniter\View\View->CodeIgniter\View\{closure}()
 8 SYSTEMPATH\Common.php(1171): CodeIgniter\View\View->render('layout/base', [], true)
 9 APPPATH\Controllers\Home.php(9): view('layout/base')
10 SYSTEMPATH\CodeIgniter.php(933): App\Controllers\Home->index()
11 SYSTEMPATH\CodeIgniter.php(509): CodeIgniter\CodeIgniter->runController(Object(App\Controllers\Home))
12 SYSTEMPATH\CodeIgniter.php(355): CodeIgniter\CodeIgniter->handleRequest(null, Object(Config\Cache), false)
13 SYSTEMPATH\Boot.php(312): CodeIgniter\CodeIgniter->run()
14 SYSTEMPATH\Boot.php(67): CodeIgniter\Boot::runCodeIgniter(Object(CodeIgniter\CodeIgniter))
15 FCPATH\index.php(56): CodeIgniter\Boot::bootWeb(Object(Config\Paths))
