INFO - 2024-05-12 02:25:08 --> Session: Class initialized using 'CodeIgniter\Session\Handlers\FileHandler' driver.
INFO - 2024-05-12 02:25:10 --> CSRF token verified.
INFO - 2024-05-12 02:25:12 --> Session: Class initialized using 'CodeIgniter\Session\Handlers\FileHandler' driver.
INFO - 2024-05-12 02:25:15 --> CSRF token verified.
INFO - 2024-05-12 02:25:15 --> Session: Class initialized using 'CodeIgniter\Session\Handlers\FileHandler' driver.
INFO - 2024-05-12 02:25:21 --> CSRF token verified.
INFO - 2024-05-12 02:26:02 --> Session: Class initialized using 'CodeIgniter\Session\Handlers\FileHandler' driver.
INFO - 2024-05-12 02:26:05 --> CSRF token verified.
INFO - 2024-05-12 02:26:11 --> Session: Class initialized using 'CodeIgniter\Session\Handlers\FileHandler' driver.
INFO - 2024-05-12 02:26:15 --> CSRF token verified.
INFO - 2024-05-12 02:27:05 --> Session: Class initialized using 'CodeIgniter\Session\Handlers\FileHandler' driver.
INFO - 2024-05-12 02:27:14 --> CSRF token verified.
INFO - 2024-05-12 02:27:23 --> CSRF token verified.
INFO - 2024-05-12 02:27:42 --> Session: Class initialized using 'CodeIgniter\Session\Handlers\FileHandler' driver.
INFO - 2024-05-12 02:27:47 --> CSRF token verified.
INFO - 2024-05-12 02:28:18 --> Session: Class initialized using 'CodeIgniter\Session\Handlers\FileHandler' driver.
INFO - 2024-05-12 02:28:23 --> CSRF token verified.
INFO - 2024-05-12 02:28:29 --> Session: Class initialized using 'CodeIgniter\Session\Handlers\FileHandler' driver.
INFO - 2024-05-12 02:28:35 --> CSRF token verified.
INFO - 2024-05-12 02:29:01 --> Session: Class initialized using 'CodeIgniter\Session\Handlers\FileHandler' driver.
INFO - 2024-05-12 02:29:03 --> CSRF token verified.
INFO - 2024-05-12 02:29:26 --> CSRF token verified.
INFO - 2024-05-12 02:29:29 --> Session: Class initialized using 'CodeIgniter\Session\Handlers\FileHandler' driver.
INFO - 2024-05-12 02:29:33 --> CSRF token verified.
INFO - 2024-05-12 02:29:38 --> CSRF token verified.
INFO - 2024-05-12 02:29:46 --> Session: Class initialized using 'CodeIgniter\Session\Handlers\FileHandler' driver.
INFO - 2024-05-12 02:29:48 --> CSRF token verified.
INFO - 2024-05-12 02:29:53 --> Session: Class initialized using 'CodeIgniter\Session\Handlers\FileHandler' driver.
INFO - 2024-05-12 02:29:58 --> CSRF token verified.
INFO - 2024-05-12 02:30:05 --> Session: Class initialized using 'CodeIgniter\Session\Handlers\FileHandler' driver.
INFO - 2024-05-12 02:30:12 --> CSRF token verified.
INFO - 2024-05-12 05:23:19 --> Session: Class initialized using 'CodeIgniter\Session\Handlers\FileHandler' driver.
INFO - 2024-05-12 05:23:21 --> Session: Class initialized using 'CodeIgniter\Session\Handlers\FileHandler' driver.
INFO - 2024-05-12 09:26:14 --> Session: Class initialized using 'CodeIgniter\Session\Handlers\FileHandler' driver.
INFO - 2024-05-12 09:26:18 --> Session: Class initialized using 'CodeIgniter\Session\Handlers\FileHandler' driver.
CRITICAL - 2024-05-12 09:27:30 --> ErrorException: Undefined variable $users
[Method: GET, Route: kamar]
in APPPATH\Views\kamar\index.php on line 36.
 1 APPPATH\Views\kamar\index.php(36): CodeIgniter\Debug\Exceptions->errorHandler(2, 'Undefined variable $users', 'D:\\LARAGON\\kosfadli\\app\\Views\\kamar\\index.php', 36)
 2 SYSTEMPATH\View\View.php(234): include('D:\\LARAGON\\kosfadli\\app\\Views\\kamar\\index.php')
 3 SYSTEMPATH\View\View.php(237): CodeIgniter\View\View->CodeIgniter\View\{closure}()
 4 SYSTEMPATH\Common.php(1171): CodeIgniter\View\View->render('kamar/index', [], true)
 5 APPPATH\Controllers\Kamar.php(12): view('kamar/index', [...])
 6 SYSTEMPATH\CodeIgniter.php(933): App\Controllers\Kamar->index()
 7 SYSTEMPATH\CodeIgniter.php(509): CodeIgniter\CodeIgniter->runController(Object(App\Controllers\Kamar))
 8 SYSTEMPATH\CodeIgniter.php(355): CodeIgniter\CodeIgniter->handleRequest(null, Object(Config\Cache), false)
 9 SYSTEMPATH\Boot.php(312): CodeIgniter\CodeIgniter->run()
10 SYSTEMPATH\Boot.php(67): CodeIgniter\Boot::runCodeIgniter(Object(CodeIgniter\CodeIgniter))
11 FCPATH\index.php(56): CodeIgniter\Boot::bootWeb(Object(Config\Paths))
INFO - 2024-05-12 09:44:29 --> Session: Class initialized using 'CodeIgniter\Session\Handlers\FileHandler' driver.
INFO - 2024-05-12 09:44:38 --> CSRF token verified.
CRITICAL - 2024-05-12 09:44:38 --> ErrorException: Undefined array key "no_hp "
[Method: POST, Route: user/add]
in APPPATH\Controllers\User.php on line 36.
 1 APPPATH\Controllers\User.php(36): CodeIgniter\Debug\Exceptions->errorHandler(2, 'Undefined array key "no_hp "', 'D:\\LARAGON\\kosfadli\\app\\Controllers\\User.php', 36)
 2 SYSTEMPATH\CodeIgniter.php(933): App\Controllers\User->store()
 3 SYSTEMPATH\CodeIgniter.php(509): CodeIgniter\CodeIgniter->runController(Object(App\Controllers\User))
 4 SYSTEMPATH\CodeIgniter.php(355): CodeIgniter\CodeIgniter->handleRequest(null, Object(Config\Cache), false)
 5 SYSTEMPATH\Boot.php(312): CodeIgniter\CodeIgniter->run()
 6 SYSTEMPATH\Boot.php(67): CodeIgniter\Boot::runCodeIgniter(Object(CodeIgniter\CodeIgniter))
 7 FCPATH\index.php(56): CodeIgniter\Boot::bootWeb(Object(Config\Paths))
INFO - 2024-05-12 09:45:32 --> Session: Class initialized using 'CodeIgniter\Session\Handlers\FileHandler' driver.
INFO - 2024-05-12 09:45:33 --> Session: Class initialized using 'CodeIgniter\Session\Handlers\FileHandler' driver.
INFO - 2024-05-12 09:45:36 --> CSRF token verified.
INFO - 2024-05-12 09:45:36 --> Session: Class initialized using 'CodeIgniter\Session\Handlers\FileHandler' driver.
INFO - 2024-05-12 09:45:41 --> CSRF token verified.
CRITICAL - 2024-05-12 09:45:41 --> ErrorException: Undefined array key "no_hp "
[Method: POST, Route: user/add]
in APPPATH\Controllers\User.php on line 36.
 1 APPPATH\Controllers\User.php(36): CodeIgniter\Debug\Exceptions->errorHandler(2, 'Undefined array key "no_hp "', 'D:\\LARAGON\\kosfadli\\app\\Controllers\\User.php', 36)
 2 SYSTEMPATH\CodeIgniter.php(933): App\Controllers\User->store()
 3 SYSTEMPATH\CodeIgniter.php(509): CodeIgniter\CodeIgniter->runController(Object(App\Controllers\User))
 4 SYSTEMPATH\CodeIgniter.php(355): CodeIgniter\CodeIgniter->handleRequest(null, Object(Config\Cache), false)
 5 SYSTEMPATH\Boot.php(312): CodeIgniter\CodeIgniter->run()
 6 SYSTEMPATH\Boot.php(67): CodeIgniter\Boot::runCodeIgniter(Object(CodeIgniter\CodeIgniter))
 7 FCPATH\index.php(56): CodeIgniter\Boot::bootWeb(Object(Config\Paths))
INFO - 2024-05-12 09:45:54 --> CSRF token verified.
INFO - 2024-05-12 09:46:42 --> Session: Class initialized using 'CodeIgniter\Session\Handlers\FileHandler' driver.
INFO - 2024-05-12 09:46:51 --> CSRF token verified.
INFO - 2024-05-12 09:48:24 --> Session: Class initialized using 'CodeIgniter\Session\Handlers\FileHandler' driver.
INFO - 2024-05-12 09:48:39 --> CSRF token verified.
INFO - 2024-05-12 09:49:37 --> CSRF token verified.
INFO - 2024-05-12 09:49:52 --> CSRF token verified.
INFO - 2024-05-12 09:50:26 --> Session: Class initialized using 'CodeIgniter\Session\Handlers\FileHandler' driver.
INFO - 2024-05-12 09:50:48 --> CSRF token verified.
CRITICAL - 2024-05-12 09:50:55 --> ErrorException: Undefined array key "nama_lengkap"
[Method: GET, Route: kamar]
in APPPATH\Views\kamar\index.php on line 39.
 1 APPPATH\Views\kamar\index.php(39): CodeIgniter\Debug\Exceptions->errorHandler(2, 'Undefined array key "nama_lengkap"', 'D:\\LARAGON\\kosfadli\\app\\Views\\kamar\\index.php', 39)
 2 SYSTEMPATH\View\View.php(234): include('D:\\LARAGON\\kosfadli\\app\\Views\\kamar\\index.php')
 3 SYSTEMPATH\View\View.php(237): CodeIgniter\View\View->CodeIgniter\View\{closure}()
 4 SYSTEMPATH\Common.php(1171): CodeIgniter\View\View->render('kamar/index', [], true)
 5 APPPATH\Controllers\Kamar.php(12): view('kamar/index', [...])
 6 SYSTEMPATH\CodeIgniter.php(933): App\Controllers\Kamar->index()
 7 SYSTEMPATH\CodeIgniter.php(509): CodeIgniter\CodeIgniter->runController(Object(App\Controllers\Kamar))
 8 SYSTEMPATH\CodeIgniter.php(355): CodeIgniter\CodeIgniter->handleRequest(null, Object(Config\Cache), false)
 9 SYSTEMPATH\Boot.php(312): CodeIgniter\CodeIgniter->run()
10 SYSTEMPATH\Boot.php(67): CodeIgniter\Boot::runCodeIgniter(Object(CodeIgniter\CodeIgniter))
11 FCPATH\index.php(56): CodeIgniter\Boot::bootWeb(Object(Config\Paths))
CRITICAL - 2024-05-12 10:11:27 --> ErrorException: Undefined array key "email"
[Method: GET, Route: kamar]
in APPPATH\Views\kamar\index.php on line 40.
 1 APPPATH\Views\kamar\index.php(40): CodeIgniter\Debug\Exceptions->errorHandler(2, 'Undefined array key "email"', 'D:\\LARAGON\\kosfadli\\app\\Views\\kamar\\index.php', 40)
 2 SYSTEMPATH\View\View.php(234): include('D:\\LARAGON\\kosfadli\\app\\Views\\kamar\\index.php')
 3 SYSTEMPATH\View\View.php(237): CodeIgniter\View\View->CodeIgniter\View\{closure}()
 4 SYSTEMPATH\Common.php(1171): CodeIgniter\View\View->render('kamar/index', [], true)
 5 APPPATH\Controllers\Kamar.php(12): view('kamar/index', [...])
 6 SYSTEMPATH\CodeIgniter.php(933): App\Controllers\Kamar->index()
 7 SYSTEMPATH\CodeIgniter.php(509): CodeIgniter\CodeIgniter->runController(Object(App\Controllers\Kamar))
 8 SYSTEMPATH\CodeIgniter.php(355): CodeIgniter\CodeIgniter->handleRequest(null, Object(Config\Cache), false)
 9 SYSTEMPATH\Boot.php(312): CodeIgniter\CodeIgniter->run()
10 SYSTEMPATH\Boot.php(67): CodeIgniter\Boot::runCodeIgniter(Object(CodeIgniter\CodeIgniter))
11 FCPATH\index.php(56): CodeIgniter\Boot::bootWeb(Object(Config\Paths))
CRITICAL - 2024-05-12 10:36:33 --> Error: Object of class App\Models\KamarModel could not be converted to string
[Method: GET, Route: kamar]
in APPPATH\Models\KamarModel.php on line 13.
 1 APPPATH\Controllers\Kamar.php(11): App\Models\KamarModel->getKamar()
 2 SYSTEMPATH\CodeIgniter.php(933): App\Controllers\Kamar->index()
 3 SYSTEMPATH\CodeIgniter.php(509): CodeIgniter\CodeIgniter->runController(Object(App\Controllers\Kamar))
 4 SYSTEMPATH\CodeIgniter.php(355): CodeIgniter\CodeIgniter->handleRequest(null, Object(Config\Cache), false)
 5 SYSTEMPATH\Boot.php(312): CodeIgniter\CodeIgniter->run()
 6 SYSTEMPATH\Boot.php(67): CodeIgniter\Boot::runCodeIgniter(Object(CodeIgniter\CodeIgniter))
 7 FCPATH\index.php(56): CodeIgniter\Boot::bootWeb(Object(Config\Paths))
CRITICAL - 2024-05-12 10:43:40 --> Error: Object of class App\Models\KamarModel could not be converted to string
[Method: GET, Route: kamar]
in APPPATH\Models\KamarModel.php on line 13.
 1 APPPATH\Controllers\Kamar.php(11): App\Models\KamarModel->getKamar()
 2 SYSTEMPATH\CodeIgniter.php(933): App\Controllers\Kamar->index()
 3 SYSTEMPATH\CodeIgniter.php(509): CodeIgniter\CodeIgniter->runController(Object(App\Controllers\Kamar))
 4 SYSTEMPATH\CodeIgniter.php(355): CodeIgniter\CodeIgniter->handleRequest(null, Object(Config\Cache), false)
 5 SYSTEMPATH\Boot.php(312): CodeIgniter\CodeIgniter->run()
 6 SYSTEMPATH\Boot.php(67): CodeIgniter\Boot::runCodeIgniter(Object(CodeIgniter\CodeIgniter))
 7 FCPATH\index.php(56): CodeIgniter\Boot::bootWeb(Object(Config\Paths))
CRITICAL - 2024-05-12 10:44:09 --> Error: Object of class App\Models\KamarModel could not be converted to string
[Method: GET, Route: kamar]
in APPPATH\Models\KamarModel.php on line 13.
 1 APPPATH\Controllers\Kamar.php(11): App\Models\KamarModel->getKamar()
 2 SYSTEMPATH\CodeIgniter.php(933): App\Controllers\Kamar->index()
 3 SYSTEMPATH\CodeIgniter.php(509): CodeIgniter\CodeIgniter->runController(Object(App\Controllers\Kamar))
 4 SYSTEMPATH\CodeIgniter.php(355): CodeIgniter\CodeIgniter->handleRequest(null, Object(Config\Cache), false)
 5 SYSTEMPATH\Boot.php(312): CodeIgniter\CodeIgniter->run()
 6 SYSTEMPATH\Boot.php(67): CodeIgniter\Boot::runCodeIgniter(Object(CodeIgniter\CodeIgniter))
 7 FCPATH\index.php(56): CodeIgniter\Boot::bootWeb(Object(Config\Paths))
CRITICAL - 2024-05-12 10:44:19 --> Error: Object of class App\Models\KamarModel could not be converted to string
[Method: GET, Route: kamar]
in APPPATH\Models\KamarModel.php on line 13.
 1 APPPATH\Controllers\Kamar.php(11): App\Models\KamarModel->getKamar()
 2 SYSTEMPATH\CodeIgniter.php(933): App\Controllers\Kamar->index()
 3 SYSTEMPATH\CodeIgniter.php(509): CodeIgniter\CodeIgniter->runController(Object(App\Controllers\Kamar))
 4 SYSTEMPATH\CodeIgniter.php(355): CodeIgniter\CodeIgniter->handleRequest(null, Object(Config\Cache), false)
 5 SYSTEMPATH\Boot.php(312): CodeIgniter\CodeIgniter->run()
 6 SYSTEMPATH\Boot.php(67): CodeIgniter\Boot::runCodeIgniter(Object(CodeIgniter\CodeIgniter))
 7 FCPATH\index.php(56): CodeIgniter\Boot::bootWeb(Object(Config\Paths))
CRITICAL - 2024-05-12 10:44:20 --> Error: Object of class App\Models\KamarModel could not be converted to string
[Method: GET, Route: kamar]
in APPPATH\Models\KamarModel.php on line 13.
 1 APPPATH\Controllers\Kamar.php(11): App\Models\KamarModel->getKamar()
 2 SYSTEMPATH\CodeIgniter.php(933): App\Controllers\Kamar->index()
 3 SYSTEMPATH\CodeIgniter.php(509): CodeIgniter\CodeIgniter->runController(Object(App\Controllers\Kamar))
 4 SYSTEMPATH\CodeIgniter.php(355): CodeIgniter\CodeIgniter->handleRequest(null, Object(Config\Cache), false)
 5 SYSTEMPATH\Boot.php(312): CodeIgniter\CodeIgniter->run()
 6 SYSTEMPATH\Boot.php(67): CodeIgniter\Boot::runCodeIgniter(Object(CodeIgniter\CodeIgniter))
 7 FCPATH\index.php(56): CodeIgniter\Boot::bootWeb(Object(Config\Paths))
ERROR - 2024-05-12 10:44:49 --> mysqli_sql_exception: Unknown column 'tb_user.nama_user' in 'field list' in D:\LARAGON\kosfadli\system\Database\MySQLi\Connection.php:308
Stack trace:
#0 D:\LARAGON\kosfadli\system\Database\MySQLi\Connection.php(308): mysqli->query('SELECT `tb_kama...', 0)
#1 D:\LARAGON\kosfadli\system\Database\BaseConnection.php(721): CodeIgniter\Database\MySQLi\Connection->execute('SELECT `tb_kama...')
#2 D:\LARAGON\kosfadli\system\Database\BaseConnection.php(635): CodeIgniter\Database\BaseConnection->simpleQuery('SELECT `tb_kama...')
#3 D:\LARAGON\kosfadli\system\Database\BaseBuilder.php(1629): CodeIgniter\Database\BaseConnection->query('SELECT `tb_kama...', Array, false)
#4 D:\LARAGON\kosfadli\system\Model.php(274): CodeIgniter\Database\BaseBuilder->get()
#5 D:\LARAGON\kosfadli\system\BaseModel.php(676): CodeIgniter\Model->doFindAll(0, 0)
#6 D:\LARAGON\kosfadli\app\Models\KamarModel.php(13): CodeIgniter\BaseModel->findAll()
#7 D:\LARAGON\kosfadli\app\Controllers\Kamar.php(11): App\Models\KamarModel->getKamar()
#8 D:\LARAGON\kosfadli\system\CodeIgniter.php(933): App\Controllers\Kamar->index()
#9 D:\LARAGON\kosfadli\system\CodeIgniter.php(509): CodeIgniter\CodeIgniter->runController(Object(App\Controllers\Kamar))
#10 D:\LARAGON\kosfadli\system\CodeIgniter.php(355): CodeIgniter\CodeIgniter->handleRequest(NULL, Object(Config\Cache), false)
#11 D:\LARAGON\kosfadli\system\Boot.php(312): CodeIgniter\CodeIgniter->run()
#12 D:\LARAGON\kosfadli\system\Boot.php(67): CodeIgniter\Boot::runCodeIgniter(Object(CodeIgniter\CodeIgniter))
#13 D:\LARAGON\kosfadli\public\index.php(56): CodeIgniter\Boot::bootWeb(Object(Config\Paths))
#14 {main}
CRITICAL - 2024-05-12 10:44:49 --> CodeIgniter\Database\Exceptions\DatabaseException: Unknown column 'tb_user.nama_user' in 'field list'
[Method: GET, Route: kamar]
in SYSTEMPATH\Database\BaseConnection.php on line 675.
 1 SYSTEMPATH\Database\BaseBuilder.php(1629): CodeIgniter\Database\BaseConnection->query('SELECT `tb_kamar`.*, `tb_user`.`nama_user`
FROM `tb_kamar`
LEFT JOIN `tb_user` ON `tb_user`.`id` = `tb_kamar`.`id_user`', [], false)
 2 SYSTEMPATH\Model.php(274): CodeIgniter\Database\BaseBuilder->get()
 3 SYSTEMPATH\BaseModel.php(676): CodeIgniter\Model->doFindAll(0, 0)
 4 APPPATH\Models\KamarModel.php(13): CodeIgniter\BaseModel->findAll()
 5 APPPATH\Controllers\Kamar.php(11): App\Models\KamarModel->getKamar()
 6 SYSTEMPATH\CodeIgniter.php(933): App\Controllers\Kamar->index()
 7 SYSTEMPATH\CodeIgniter.php(509): CodeIgniter\CodeIgniter->runController(Object(App\Controllers\Kamar))
 8 SYSTEMPATH\CodeIgniter.php(355): CodeIgniter\CodeIgniter->handleRequest(null, Object(Config\Cache), false)
 9 SYSTEMPATH\Boot.php(312): CodeIgniter\CodeIgniter->run()
10 SYSTEMPATH\Boot.php(67): CodeIgniter\Boot::runCodeIgniter(Object(CodeIgniter\CodeIgniter))
11 FCPATH\index.php(56): CodeIgniter\Boot::bootWeb(Object(Config\Paths))
CRITICAL - 2024-05-12 10:44:49 --> [Caused by] CodeIgniter\Database\Exceptions\DatabaseException: Unknown column 'tb_user.nama_user' in 'field list'
in SYSTEMPATH\Database\MySQLi\Connection.php on line 313.
 1 SYSTEMPATH\Database\BaseConnection.php(721): CodeIgniter\Database\MySQLi\Connection->execute('SELECT `tb_kamar`.*, `tb_user`.`nama_user`
FROM `tb_kamar`
LEFT JOIN `tb_user` ON `tb_user`.`id` = `tb_kamar`.`id_user`')
 2 SYSTEMPATH\Database\BaseConnection.php(635): CodeIgniter\Database\BaseConnection->simpleQuery('SELECT `tb_kamar`.*, `tb_user`.`nama_user`
FROM `tb_kamar`
LEFT JOIN `tb_user` ON `tb_user`.`id` = `tb_kamar`.`id_user`')
 3 SYSTEMPATH\Database\BaseBuilder.php(1629): CodeIgniter\Database\BaseConnection->query('SELECT `tb_kamar`.*, `tb_user`.`nama_user`
FROM `tb_kamar`
LEFT JOIN `tb_user` ON `tb_user`.`id` = `tb_kamar`.`id_user`', [], false)
 4 SYSTEMPATH\Model.php(274): CodeIgniter\Database\BaseBuilder->get()
 5 SYSTEMPATH\BaseModel.php(676): CodeIgniter\Model->doFindAll(0, 0)
 6 APPPATH\Models\KamarModel.php(13): CodeIgniter\BaseModel->findAll()
 7 APPPATH\Controllers\Kamar.php(11): App\Models\KamarModel->getKamar()
 8 SYSTEMPATH\CodeIgniter.php(933): App\Controllers\Kamar->index()
 9 SYSTEMPATH\CodeIgniter.php(509): CodeIgniter\CodeIgniter->runController(Object(App\Controllers\Kamar))
10 SYSTEMPATH\CodeIgniter.php(355): CodeIgniter\CodeIgniter->handleRequest(null, Object(Config\Cache), false)
11 SYSTEMPATH\Boot.php(312): CodeIgniter\CodeIgniter->run()
12 SYSTEMPATH\Boot.php(67): CodeIgniter\Boot::runCodeIgniter(Object(CodeIgniter\CodeIgniter))
13 FCPATH\index.php(56): CodeIgniter\Boot::bootWeb(Object(Config\Paths))
CRITICAL - 2024-05-12 10:44:49 --> [Caused by] mysqli_sql_exception: Unknown column 'tb_user.nama_user' in 'field list'
in SYSTEMPATH\Database\MySQLi\Connection.php on line 308.
 1 SYSTEMPATH\Database\MySQLi\Connection.php(308): mysqli->query('SELECT `tb_kamar`.*, `tb_user`.`nama_user`
FROM `tb_kamar`
LEFT JOIN `tb_user` ON `tb_user`.`id` = `tb_kamar`.`id_user`', 0)
 2 SYSTEMPATH\Database\BaseConnection.php(721): CodeIgniter\Database\MySQLi\Connection->execute('SELECT `tb_kamar`.*, `tb_user`.`nama_user`
FROM `tb_kamar`
LEFT JOIN `tb_user` ON `tb_user`.`id` = `tb_kamar`.`id_user`')
 3 SYSTEMPATH\Database\BaseConnection.php(635): CodeIgniter\Database\BaseConnection->simpleQuery('SELECT `tb_kamar`.*, `tb_user`.`nama_user`
FROM `tb_kamar`
LEFT JOIN `tb_user` ON `tb_user`.`id` = `tb_kamar`.`id_user`')
 4 SYSTEMPATH\Database\BaseBuilder.php(1629): CodeIgniter\Database\BaseConnection->query('SELECT `tb_kamar`.*, `tb_user`.`nama_user`
FROM `tb_kamar`
LEFT JOIN `tb_user` ON `tb_user`.`id` = `tb_kamar`.`id_user`', [], false)
 5 SYSTEMPATH\Model.php(274): CodeIgniter\Database\BaseBuilder->get()
 6 SYSTEMPATH\BaseModel.php(676): CodeIgniter\Model->doFindAll(0, 0)
 7 APPPATH\Models\KamarModel.php(13): CodeIgniter\BaseModel->findAll()
 8 APPPATH\Controllers\Kamar.php(11): App\Models\KamarModel->getKamar()
 9 SYSTEMPATH\CodeIgniter.php(933): App\Controllers\Kamar->index()
10 SYSTEMPATH\CodeIgniter.php(509): CodeIgniter\CodeIgniter->runController(Object(App\Controllers\Kamar))
11 SYSTEMPATH\CodeIgniter.php(355): CodeIgniter\CodeIgniter->handleRequest(null, Object(Config\Cache), false)
12 SYSTEMPATH\Boot.php(312): CodeIgniter\CodeIgniter->run()
13 SYSTEMPATH\Boot.php(67): CodeIgniter\Boot::runCodeIgniter(Object(CodeIgniter\CodeIgniter))
14 FCPATH\index.php(56): CodeIgniter\Boot::bootWeb(Object(Config\Paths))
INFO - 2024-05-12 10:52:10 --> Session: Class initialized using 'CodeIgniter\Session\Handlers\FileHandler' driver.
INFO - 2024-05-12 10:52:45 --> Session: Class initialized using 'CodeIgniter\Session\Handlers\FileHandler' driver.
INFO - 2024-05-12 10:52:49 --> Session: Class initialized using 'CodeIgniter\Session\Handlers\FileHandler' driver.
INFO - 2024-05-12 10:53:12 --> Session: Class initialized using 'CodeIgniter\Session\Handlers\FileHandler' driver.
INFO - 2024-05-12 10:53:24 --> Session: Class initialized using 'CodeIgniter\Session\Handlers\FileHandler' driver.
INFO - 2024-05-12 10:53:25 --> Session: Class initialized using 'CodeIgniter\Session\Handlers\FileHandler' driver.
INFO - 2024-05-12 10:53:25 --> Session: Class initialized using 'CodeIgniter\Session\Handlers\FileHandler' driver.
INFO - 2024-05-12 10:53:43 --> Session: Class initialized using 'CodeIgniter\Session\Handlers\FileHandler' driver.
INFO - 2024-05-12 10:54:19 --> Session: Class initialized using 'CodeIgniter\Session\Handlers\FileHandler' driver.
INFO - 2024-05-12 11:02:42 --> Session: Class initialized using 'CodeIgniter\Session\Handlers\FileHandler' driver.
INFO - 2024-05-12 11:04:34 --> Session: Class initialized using 'CodeIgniter\Session\Handlers\FileHandler' driver.
INFO - 2024-05-12 11:04:50 --> Session: Class initialized using 'CodeIgniter\Session\Handlers\FileHandler' driver.
INFO - 2024-05-12 11:05:06 --> Session: Class initialized using 'CodeIgniter\Session\Handlers\FileHandler' driver.
INFO - 2024-05-12 11:08:12 --> Session: Class initialized using 'CodeIgniter\Session\Handlers\FileHandler' driver.
INFO - 2024-05-12 11:08:31 --> Session: Class initialized using 'CodeIgniter\Session\Handlers\FileHandler' driver.
INFO - 2024-05-12 11:08:39 --> CSRF token verified.
INFO - 2024-05-12 11:08:39 --> Session: Class initialized using 'CodeIgniter\Session\Handlers\FileHandler' driver.
INFO - 2024-05-12 11:08:55 --> Session: Class initialized using 'CodeIgniter\Session\Handlers\FileHandler' driver.
INFO - 2024-05-12 11:09:29 --> Session: Class initialized using 'CodeIgniter\Session\Handlers\FileHandler' driver.
INFO - 2024-05-12 11:09:37 --> CSRF token verified.
CRITICAL - 2024-05-12 11:09:37 --> ErrorException: Undefined array key "nama_lengkap"
[Method: POST, Route: kamar/add]
in APPPATH\Controllers\Kamar.php on line 35.
 1 APPPATH\Controllers\Kamar.php(35): CodeIgniter\Debug\Exceptions->errorHandler(2, 'Undefined array key "nama_lengkap"', 'D:\\LARAGON\\kosfadli\\app\\Controllers\\Kamar.php', 35)
 2 SYSTEMPATH\CodeIgniter.php(933): App\Controllers\Kamar->store()
 3 SYSTEMPATH\CodeIgniter.php(509): CodeIgniter\CodeIgniter->runController(Object(App\Controllers\Kamar))
 4 SYSTEMPATH\CodeIgniter.php(355): CodeIgniter\CodeIgniter->handleRequest(null, Object(Config\Cache), false)
 5 SYSTEMPATH\Boot.php(312): CodeIgniter\CodeIgniter->run()
 6 SYSTEMPATH\Boot.php(67): CodeIgniter\Boot::runCodeIgniter(Object(CodeIgniter\CodeIgniter))
 7 FCPATH\index.php(56): CodeIgniter\Boot::bootWeb(Object(Config\Paths))
INFO - 2024-05-12 11:10:32 --> CSRF token verified.
INFO - 2024-05-12 11:11:15 --> Session: Class initialized using 'CodeIgniter\Session\Handlers\FileHandler' driver.
INFO - 2024-05-12 11:11:37 --> CSRF token verified.
INFO - 2024-05-12 11:12:44 --> Session: Class initialized using 'CodeIgniter\Session\Handlers\FileHandler' driver.
INFO - 2024-05-12 11:12:47 --> CSRF token verified.
INFO - 2024-05-12 11:13:19 --> CSRF token verified.
INFO - 2024-05-12 11:13:28 --> CSRF token verified.
INFO - 2024-05-12 11:14:59 --> Session: Class initialized using 'CodeIgniter\Session\Handlers\FileHandler' driver.
INFO - 2024-05-12 11:15:06 --> CSRF token verified.
INFO - 2024-05-12 11:15:29 --> Session: Class initialized using 'CodeIgniter\Session\Handlers\FileHandler' driver.
INFO - 2024-05-12 11:15:35 --> CSRF token verified.
INFO - 2024-05-12 11:16:02 --> Session: Class initialized using 'CodeIgniter\Session\Handlers\FileHandler' driver.
INFO - 2024-05-12 11:24:13 --> Session: Class initialized using 'CodeIgniter\Session\Handlers\FileHandler' driver.
INFO - 2024-05-12 11:25:12 --> Session: Class initialized using 'CodeIgniter\Session\Handlers\FileHandler' driver.
INFO - 2024-05-12 11:25:16 --> Session: Class initialized using 'CodeIgniter\Session\Handlers\FileHandler' driver.
INFO - 2024-05-12 11:30:53 --> Session: Class initialized using 'CodeIgniter\Session\Handlers\FileHandler' driver.
INFO - 2024-05-12 11:30:59 --> CSRF token verified.
INFO - 2024-05-12 11:31:09 --> Session: Class initialized using 'CodeIgniter\Session\Handlers\FileHandler' driver.
INFO - 2024-05-12 11:31:13 --> CSRF token verified.
CRITICAL - 2024-05-12 12:10:03 --> Error: Call to undefined method CodeIgniter\Database\MySQLi\Builder::getRow()
[Method: GET, Route: kamar]
in APPPATH\Controllers\Kamar.php on line 14.
 1 SYSTEMPATH\CodeIgniter.php(933): App\Controllers\Kamar->index()
 2 SYSTEMPATH\CodeIgniter.php(509): CodeIgniter\CodeIgniter->runController(Object(App\Controllers\Kamar))
 3 SYSTEMPATH\CodeIgniter.php(355): CodeIgniter\CodeIgniter->handleRequest(null, Object(Config\Cache), false)
 4 SYSTEMPATH\Boot.php(312): CodeIgniter\CodeIgniter->run()
 5 SYSTEMPATH\Boot.php(67): CodeIgniter\Boot::runCodeIgniter(Object(CodeIgniter\CodeIgniter))
 6 FCPATH\index.php(56): CodeIgniter\Boot::bootWeb(Object(Config\Paths))
CRITICAL - 2024-05-12 12:13:41 --> ErrorException: Undefined array key 0
[Method: GET, Route: kamar]
in APPPATH\Controllers\Kamar.php on line 14.
 1 APPPATH\Controllers\Kamar.php(14): CodeIgniter\Debug\Exceptions->errorHandler(2, 'Undefined array key 0', 'D:\\LARAGON\\kosfadli\\app\\Controllers\\Kamar.php', 14)
 2 SYSTEMPATH\CodeIgniter.php(933): App\Controllers\Kamar->index()
 3 SYSTEMPATH\CodeIgniter.php(509): CodeIgniter\CodeIgniter->runController(Object(App\Controllers\Kamar))
 4 SYSTEMPATH\CodeIgniter.php(355): CodeIgniter\CodeIgniter->handleRequest(null, Object(Config\Cache), false)
 5 SYSTEMPATH\Boot.php(312): CodeIgniter\CodeIgniter->run()
 6 SYSTEMPATH\Boot.php(67): CodeIgniter\Boot::runCodeIgniter(Object(CodeIgniter\CodeIgniter))
 7 FCPATH\index.php(56): CodeIgniter\Boot::bootWeb(Object(Config\Paths))
CRITICAL - 2024-05-12 12:15:42 --> Error: Call to undefined function set_value()
[Method: GET, Route: kamar]
in APPPATH\Views\kamar\index.php on line 69.
 1 SYSTEMPATH\View\View.php(234): include()
 2 SYSTEMPATH\View\View.php(237): CodeIgniter\View\View->CodeIgniter\View\{closure}()
 3 SYSTEMPATH\Common.php(1171): CodeIgniter\View\View->render('kamar/index', [], true)
 4 APPPATH\Controllers\Kamar.php(16): view('kamar/index', [...])
 5 SYSTEMPATH\CodeIgniter.php(933): App\Controllers\Kamar->index()
 6 SYSTEMPATH\CodeIgniter.php(509): CodeIgniter\CodeIgniter->runController(Object(App\Controllers\Kamar))
 7 SYSTEMPATH\CodeIgniter.php(355): CodeIgniter\CodeIgniter->handleRequest(null, Object(Config\Cache), false)
 8 SYSTEMPATH\Boot.php(312): CodeIgniter\CodeIgniter->run()
 9 SYSTEMPATH\Boot.php(67): CodeIgniter\Boot::runCodeIgniter(Object(CodeIgniter\CodeIgniter))
10 FCPATH\index.php(56): CodeIgniter\Boot::bootWeb(Object(Config\Paths))
CRITICAL - 2024-05-12 12:15:51 --> ErrorException: Undefined array key "harga_air"
[Method: GET, Route: kamar]
in APPPATH\Views\kamar\index.php on line 69.
 1 APPPATH\Views\kamar\index.php(69): CodeIgniter\Debug\Exceptions->errorHandler(2, 'Undefined array key "harga_air"', 'D:\\LARAGON\\kosfadli\\app\\Views\\kamar\\index.php', 69)
 2 SYSTEMPATH\View\View.php(234): include('D:\\LARAGON\\kosfadli\\app\\Views\\kamar\\index.php')
 3 SYSTEMPATH\View\View.php(237): CodeIgniter\View\View->CodeIgniter\View\{closure}()
 4 SYSTEMPATH\Common.php(1171): CodeIgniter\View\View->render('kamar/index', [], true)
 5 APPPATH\Controllers\Kamar.php(16): view('kamar/index', [...])
 6 SYSTEMPATH\CodeIgniter.php(933): App\Controllers\Kamar->index()
 7 SYSTEMPATH\CodeIgniter.php(509): CodeIgniter\CodeIgniter->runController(Object(App\Controllers\Kamar))
 8 SYSTEMPATH\CodeIgniter.php(355): CodeIgniter\CodeIgniter->handleRequest(null, Object(Config\Cache), false)
 9 SYSTEMPATH\Boot.php(312): CodeIgniter\CodeIgniter->run()
10 SYSTEMPATH\Boot.php(67): CodeIgniter\Boot::runCodeIgniter(Object(CodeIgniter\CodeIgniter))
11 FCPATH\index.php(56): CodeIgniter\Boot::bootWeb(Object(Config\Paths))
CRITICAL - 2024-05-12 12:16:05 --> ErrorException: Undefined array key "harga_air"
[Method: GET, Route: kamar]
in APPPATH\Views\kamar\index.php on line 69.
 1 APPPATH\Views\kamar\index.php(69): CodeIgniter\Debug\Exceptions->errorHandler(2, 'Undefined array key "harga_air"', 'D:\\LARAGON\\kosfadli\\app\\Views\\kamar\\index.php', 69)
 2 SYSTEMPATH\View\View.php(234): include('D:\\LARAGON\\kosfadli\\app\\Views\\kamar\\index.php')
 3 SYSTEMPATH\View\View.php(237): CodeIgniter\View\View->CodeIgniter\View\{closure}()
 4 SYSTEMPATH\Common.php(1171): CodeIgniter\View\View->render('kamar/index', [], true)
 5 APPPATH\Controllers\Kamar.php(16): view('kamar/index', [...])
 6 SYSTEMPATH\CodeIgniter.php(933): App\Controllers\Kamar->index()
 7 SYSTEMPATH\CodeIgniter.php(509): CodeIgniter\CodeIgniter->runController(Object(App\Controllers\Kamar))
 8 SYSTEMPATH\CodeIgniter.php(355): CodeIgniter\CodeIgniter->handleRequest(null, Object(Config\Cache), false)
 9 SYSTEMPATH\Boot.php(312): CodeIgniter\CodeIgniter->run()
10 SYSTEMPATH\Boot.php(67): CodeIgniter\Boot::runCodeIgniter(Object(CodeIgniter\CodeIgniter))
11 FCPATH\index.php(56): CodeIgniter\Boot::bootWeb(Object(Config\Paths))
CRITICAL - 2024-05-12 12:16:05 --> ErrorException: Undefined array key "harga_air"
[Method: GET, Route: kamar]
in APPPATH\Views\kamar\index.php on line 69.
 1 APPPATH\Views\kamar\index.php(69): CodeIgniter\Debug\Exceptions->errorHandler(2, 'Undefined array key "harga_air"', 'D:\\LARAGON\\kosfadli\\app\\Views\\kamar\\index.php', 69)
 2 SYSTEMPATH\View\View.php(234): include('D:\\LARAGON\\kosfadli\\app\\Views\\kamar\\index.php')
 3 SYSTEMPATH\View\View.php(237): CodeIgniter\View\View->CodeIgniter\View\{closure}()
 4 SYSTEMPATH\Common.php(1171): CodeIgniter\View\View->render('kamar/index', [], true)
 5 APPPATH\Controllers\Kamar.php(16): view('kamar/index', [...])
 6 SYSTEMPATH\CodeIgniter.php(933): App\Controllers\Kamar->index()
 7 SYSTEMPATH\CodeIgniter.php(509): CodeIgniter\CodeIgniter->runController(Object(App\Controllers\Kamar))
 8 SYSTEMPATH\CodeIgniter.php(355): CodeIgniter\CodeIgniter->handleRequest(null, Object(Config\Cache), false)
 9 SYSTEMPATH\Boot.php(312): CodeIgniter\CodeIgniter->run()
10 SYSTEMPATH\Boot.php(67): CodeIgniter\Boot::runCodeIgniter(Object(CodeIgniter\CodeIgniter))
11 FCPATH\index.php(56): CodeIgniter\Boot::bootWeb(Object(Config\Paths))
CRITICAL - 2024-05-12 12:16:25 --> ErrorException: Undefined variable $post
[Method: GET, Route: kamar]
in APPPATH\Controllers\Kamar.php on line 15.
 1 APPPATH\Controllers\Kamar.php(15): CodeIgniter\Debug\Exceptions->errorHandler(2, 'Undefined variable $post', 'D:\\LARAGON\\kosfadli\\app\\Controllers\\Kamar.php', 15)
 2 SYSTEMPATH\CodeIgniter.php(933): App\Controllers\Kamar->index()
 3 SYSTEMPATH\CodeIgniter.php(509): CodeIgniter\CodeIgniter->runController(Object(App\Controllers\Kamar))
 4 SYSTEMPATH\CodeIgniter.php(355): CodeIgniter\CodeIgniter->handleRequest(null, Object(Config\Cache), false)
 5 SYSTEMPATH\Boot.php(312): CodeIgniter\CodeIgniter->run()
 6 SYSTEMPATH\Boot.php(67): CodeIgniter\Boot::runCodeIgniter(Object(CodeIgniter\CodeIgniter))
 7 FCPATH\index.php(56): CodeIgniter\Boot::bootWeb(Object(Config\Paths))
CRITICAL - 2024-05-12 12:16:26 --> ErrorException: Undefined variable $post
[Method: GET, Route: kamar]
in APPPATH\Controllers\Kamar.php on line 15.
 1 APPPATH\Controllers\Kamar.php(15): CodeIgniter\Debug\Exceptions->errorHandler(2, 'Undefined variable $post', 'D:\\LARAGON\\kosfadli\\app\\Controllers\\Kamar.php', 15)
 2 SYSTEMPATH\CodeIgniter.php(933): App\Controllers\Kamar->index()
 3 SYSTEMPATH\CodeIgniter.php(509): CodeIgniter\CodeIgniter->runController(Object(App\Controllers\Kamar))
 4 SYSTEMPATH\CodeIgniter.php(355): CodeIgniter\CodeIgniter->handleRequest(null, Object(Config\Cache), false)
 5 SYSTEMPATH\Boot.php(312): CodeIgniter\CodeIgniter->run()
 6 SYSTEMPATH\Boot.php(67): CodeIgniter\Boot::runCodeIgniter(Object(CodeIgniter\CodeIgniter))
 7 FCPATH\index.php(56): CodeIgniter\Boot::bootWeb(Object(Config\Paths))
CRITICAL - 2024-05-12 12:17:25 --> ErrorException: Undefined array key "harga_air"
[Method: GET, Route: kamar]
in APPPATH\Views\kamar\index.php on line 69.
 1 APPPATH\Views\kamar\index.php(69): CodeIgniter\Debug\Exceptions->errorHandler(2, 'Undefined array key "harga_air"', 'D:\\LARAGON\\kosfadli\\app\\Views\\kamar\\index.php', 69)
 2 SYSTEMPATH\View\View.php(234): include('D:\\LARAGON\\kosfadli\\app\\Views\\kamar\\index.php')
 3 SYSTEMPATH\View\View.php(237): CodeIgniter\View\View->CodeIgniter\View\{closure}()
 4 SYSTEMPATH\Common.php(1171): CodeIgniter\View\View->render('kamar/index', [], true)
 5 APPPATH\Controllers\Kamar.php(17): view('kamar/index', [...])
 6 SYSTEMPATH\CodeIgniter.php(933): App\Controllers\Kamar->index()
 7 SYSTEMPATH\CodeIgniter.php(509): CodeIgniter\CodeIgniter->runController(Object(App\Controllers\Kamar))
 8 SYSTEMPATH\CodeIgniter.php(355): CodeIgniter\CodeIgniter->handleRequest(null, Object(Config\Cache), false)
 9 SYSTEMPATH\Boot.php(312): CodeIgniter\CodeIgniter->run()
10 SYSTEMPATH\Boot.php(67): CodeIgniter\Boot::runCodeIgniter(Object(CodeIgniter\CodeIgniter))
11 FCPATH\index.php(56): CodeIgniter\Boot::bootWeb(Object(Config\Paths))
CRITICAL - 2024-05-12 12:17:35 --> ErrorException: Array to string conversion
[Method: GET, Route: kamar]
in APPPATH\Views\kamar\index.php on line 69.
 1 APPPATH\Views\kamar\index.php(69): CodeIgniter\Debug\Exceptions->errorHandler(2, 'Array to string conversion', 'D:\\LARAGON\\kosfadli\\app\\Views\\kamar\\index.php', 69)
 2 SYSTEMPATH\View\View.php(234): include('D:\\LARAGON\\kosfadli\\app\\Views\\kamar\\index.php')
 3 SYSTEMPATH\View\View.php(237): CodeIgniter\View\View->CodeIgniter\View\{closure}()
 4 SYSTEMPATH\Common.php(1171): CodeIgniter\View\View->render('kamar/index', [], true)
 5 APPPATH\Controllers\Kamar.php(17): view('kamar/index', [...])
 6 SYSTEMPATH\CodeIgniter.php(933): App\Controllers\Kamar->index()
 7 SYSTEMPATH\CodeIgniter.php(509): CodeIgniter\CodeIgniter->runController(Object(App\Controllers\Kamar))
 8 SYSTEMPATH\CodeIgniter.php(355): CodeIgniter\CodeIgniter->handleRequest(null, Object(Config\Cache), false)
 9 SYSTEMPATH\Boot.php(312): CodeIgniter\CodeIgniter->run()
10 SYSTEMPATH\Boot.php(67): CodeIgniter\Boot::runCodeIgniter(Object(CodeIgniter\CodeIgniter))
11 FCPATH\index.php(56): CodeIgniter\Boot::bootWeb(Object(Config\Paths))
CRITICAL - 2024-05-12 12:17:36 --> ErrorException: Array to string conversion
[Method: GET, Route: kamar]
in APPPATH\Views\kamar\index.php on line 69.
 1 APPPATH\Views\kamar\index.php(69): CodeIgniter\Debug\Exceptions->errorHandler(2, 'Array to string conversion', 'D:\\LARAGON\\kosfadli\\app\\Views\\kamar\\index.php', 69)
 2 SYSTEMPATH\View\View.php(234): include('D:\\LARAGON\\kosfadli\\app\\Views\\kamar\\index.php')
 3 SYSTEMPATH\View\View.php(237): CodeIgniter\View\View->CodeIgniter\View\{closure}()
 4 SYSTEMPATH\Common.php(1171): CodeIgniter\View\View->render('kamar/index', [], true)
 5 APPPATH\Controllers\Kamar.php(17): view('kamar/index', [...])
 6 SYSTEMPATH\CodeIgniter.php(933): App\Controllers\Kamar->index()
 7 SYSTEMPATH\CodeIgniter.php(509): CodeIgniter\CodeIgniter->runController(Object(App\Controllers\Kamar))
 8 SYSTEMPATH\CodeIgniter.php(355): CodeIgniter\CodeIgniter->handleRequest(null, Object(Config\Cache), false)
 9 SYSTEMPATH\Boot.php(312): CodeIgniter\CodeIgniter->run()
10 SYSTEMPATH\Boot.php(67): CodeIgniter\Boot::runCodeIgniter(Object(CodeIgniter\CodeIgniter))
11 FCPATH\index.php(56): CodeIgniter\Boot::bootWeb(Object(Config\Paths))
CRITICAL - 2024-05-12 12:17:38 --> ErrorException: Array to string conversion
[Method: GET, Route: kamar]
in APPPATH\Views\kamar\index.php on line 69.
 1 APPPATH\Views\kamar\index.php(69): CodeIgniter\Debug\Exceptions->errorHandler(2, 'Array to string conversion', 'D:\\LARAGON\\kosfadli\\app\\Views\\kamar\\index.php', 69)
 2 SYSTEMPATH\View\View.php(234): include('D:\\LARAGON\\kosfadli\\app\\Views\\kamar\\index.php')
 3 SYSTEMPATH\View\View.php(237): CodeIgniter\View\View->CodeIgniter\View\{closure}()
 4 SYSTEMPATH\Common.php(1171): CodeIgniter\View\View->render('kamar/index', [], true)
 5 APPPATH\Controllers\Kamar.php(17): view('kamar/index', [...])
 6 SYSTEMPATH\CodeIgniter.php(933): App\Controllers\Kamar->index()
 7 SYSTEMPATH\CodeIgniter.php(509): CodeIgniter\CodeIgniter->runController(Object(App\Controllers\Kamar))
 8 SYSTEMPATH\CodeIgniter.php(355): CodeIgniter\CodeIgniter->handleRequest(null, Object(Config\Cache), false)
 9 SYSTEMPATH\Boot.php(312): CodeIgniter\CodeIgniter->run()
10 SYSTEMPATH\Boot.php(67): CodeIgniter\Boot::runCodeIgniter(Object(CodeIgniter\CodeIgniter))
11 FCPATH\index.php(56): CodeIgniter\Boot::bootWeb(Object(Config\Paths))
CRITICAL - 2024-05-12 12:17:38 --> ErrorException: Array to string conversion
[Method: GET, Route: kamar]
in APPPATH\Views\kamar\index.php on line 69.
 1 APPPATH\Views\kamar\index.php(69): CodeIgniter\Debug\Exceptions->errorHandler(2, 'Array to string conversion', 'D:\\LARAGON\\kosfadli\\app\\Views\\kamar\\index.php', 69)
 2 SYSTEMPATH\View\View.php(234): include('D:\\LARAGON\\kosfadli\\app\\Views\\kamar\\index.php')
 3 SYSTEMPATH\View\View.php(237): CodeIgniter\View\View->CodeIgniter\View\{closure}()
 4 SYSTEMPATH\Common.php(1171): CodeIgniter\View\View->render('kamar/index', [], true)
 5 APPPATH\Controllers\Kamar.php(17): view('kamar/index', [...])
 6 SYSTEMPATH\CodeIgniter.php(933): App\Controllers\Kamar->index()
 7 SYSTEMPATH\CodeIgniter.php(509): CodeIgniter\CodeIgniter->runController(Object(App\Controllers\Kamar))
 8 SYSTEMPATH\CodeIgniter.php(355): CodeIgniter\CodeIgniter->handleRequest(null, Object(Config\Cache), false)
 9 SYSTEMPATH\Boot.php(312): CodeIgniter\CodeIgniter->run()
10 SYSTEMPATH\Boot.php(67): CodeIgniter\Boot::runCodeIgniter(Object(CodeIgniter\CodeIgniter))
11 FCPATH\index.php(56): CodeIgniter\Boot::bootWeb(Object(Config\Paths))
CRITICAL - 2024-05-12 12:17:47 --> ErrorException: Cannot use [] for reading
[Method: GET, Route: kamar]
in APPPATH\Views\kamar\index.php on line 69.
 1 [internal function]: CodeIgniter\Debug\Exceptions->shutdownHandler()
CRITICAL - 2024-05-12 12:17:50 --> ErrorException: Array to string conversion
[Method: GET, Route: kamar]
in APPPATH\Views\kamar\index.php on line 69.
 1 APPPATH\Views\kamar\index.php(69): CodeIgniter\Debug\Exceptions->errorHandler(2, 'Array to string conversion', 'D:\\LARAGON\\kosfadli\\app\\Views\\kamar\\index.php', 69)
 2 SYSTEMPATH\View\View.php(234): include('D:\\LARAGON\\kosfadli\\app\\Views\\kamar\\index.php')
 3 SYSTEMPATH\View\View.php(237): CodeIgniter\View\View->CodeIgniter\View\{closure}()
 4 SYSTEMPATH\Common.php(1171): CodeIgniter\View\View->render('kamar/index', [], true)
 5 APPPATH\Controllers\Kamar.php(17): view('kamar/index', [...])
 6 SYSTEMPATH\CodeIgniter.php(933): App\Controllers\Kamar->index()
 7 SYSTEMPATH\CodeIgniter.php(509): CodeIgniter\CodeIgniter->runController(Object(App\Controllers\Kamar))
 8 SYSTEMPATH\CodeIgniter.php(355): CodeIgniter\CodeIgniter->handleRequest(null, Object(Config\Cache), false)
 9 SYSTEMPATH\Boot.php(312): CodeIgniter\CodeIgniter->run()
10 SYSTEMPATH\Boot.php(67): CodeIgniter\Boot::runCodeIgniter(Object(CodeIgniter\CodeIgniter))
11 FCPATH\index.php(56): CodeIgniter\Boot::bootWeb(Object(Config\Paths))
CRITICAL - 2024-05-12 12:17:50 --> ErrorException: Array to string conversion
[Method: GET, Route: kamar]
in APPPATH\Views\kamar\index.php on line 69.
 1 APPPATH\Views\kamar\index.php(69): CodeIgniter\Debug\Exceptions->errorHandler(2, 'Array to string conversion', 'D:\\LARAGON\\kosfadli\\app\\Views\\kamar\\index.php', 69)
 2 SYSTEMPATH\View\View.php(234): include('D:\\LARAGON\\kosfadli\\app\\Views\\kamar\\index.php')
 3 SYSTEMPATH\View\View.php(237): CodeIgniter\View\View->CodeIgniter\View\{closure}()
 4 SYSTEMPATH\Common.php(1171): CodeIgniter\View\View->render('kamar/index', [], true)
 5 APPPATH\Controllers\Kamar.php(17): view('kamar/index', [...])
 6 SYSTEMPATH\CodeIgniter.php(933): App\Controllers\Kamar->index()
 7 SYSTEMPATH\CodeIgniter.php(509): CodeIgniter\CodeIgniter->runController(Object(App\Controllers\Kamar))
 8 SYSTEMPATH\CodeIgniter.php(355): CodeIgniter\CodeIgniter->handleRequest(null, Object(Config\Cache), false)
 9 SYSTEMPATH\Boot.php(312): CodeIgniter\CodeIgniter->run()
10 SYSTEMPATH\Boot.php(67): CodeIgniter\Boot::runCodeIgniter(Object(CodeIgniter\CodeIgniter))
11 FCPATH\index.php(56): CodeIgniter\Boot::bootWeb(Object(Config\Paths))
CRITICAL - 2024-05-12 12:17:58 --> ErrorException: Undefined array key "harga_air"
[Method: GET, Route: kamar]
in APPPATH\Views\kamar\index.php on line 69.
 1 APPPATH\Views\kamar\index.php(69): CodeIgniter\Debug\Exceptions->errorHandler(2, 'Undefined array key "harga_air"', 'D:\\LARAGON\\kosfadli\\app\\Views\\kamar\\index.php', 69)
 2 SYSTEMPATH\View\View.php(234): include('D:\\LARAGON\\kosfadli\\app\\Views\\kamar\\index.php')
 3 SYSTEMPATH\View\View.php(237): CodeIgniter\View\View->CodeIgniter\View\{closure}()
 4 SYSTEMPATH\Common.php(1171): CodeIgniter\View\View->render('kamar/index', [], true)
 5 APPPATH\Controllers\Kamar.php(17): view('kamar/index', [...])
 6 SYSTEMPATH\CodeIgniter.php(933): App\Controllers\Kamar->index()
 7 SYSTEMPATH\CodeIgniter.php(509): CodeIgniter\CodeIgniter->runController(Object(App\Controllers\Kamar))
 8 SYSTEMPATH\CodeIgniter.php(355): CodeIgniter\CodeIgniter->handleRequest(null, Object(Config\Cache), false)
 9 SYSTEMPATH\Boot.php(312): CodeIgniter\CodeIgniter->run()
10 SYSTEMPATH\Boot.php(67): CodeIgniter\Boot::runCodeIgniter(Object(CodeIgniter\CodeIgniter))
11 FCPATH\index.php(56): CodeIgniter\Boot::bootWeb(Object(Config\Paths))
CRITICAL - 2024-05-12 12:17:59 --> ErrorException: Undefined array key "harga_air"
[Method: GET, Route: kamar]
in APPPATH\Views\kamar\index.php on line 69.
 1 APPPATH\Views\kamar\index.php(69): CodeIgniter\Debug\Exceptions->errorHandler(2, 'Undefined array key "harga_air"', 'D:\\LARAGON\\kosfadli\\app\\Views\\kamar\\index.php', 69)
 2 SYSTEMPATH\View\View.php(234): include('D:\\LARAGON\\kosfadli\\app\\Views\\kamar\\index.php')
 3 SYSTEMPATH\View\View.php(237): CodeIgniter\View\View->CodeIgniter\View\{closure}()
 4 SYSTEMPATH\Common.php(1171): CodeIgniter\View\View->render('kamar/index', [], true)
 5 APPPATH\Controllers\Kamar.php(17): view('kamar/index', [...])
 6 SYSTEMPATH\CodeIgniter.php(933): App\Controllers\Kamar->index()
 7 SYSTEMPATH\CodeIgniter.php(509): CodeIgniter\CodeIgniter->runController(Object(App\Controllers\Kamar))
 8 SYSTEMPATH\CodeIgniter.php(355): CodeIgniter\CodeIgniter->handleRequest(null, Object(Config\Cache), false)
 9 SYSTEMPATH\Boot.php(312): CodeIgniter\CodeIgniter->run()
10 SYSTEMPATH\Boot.php(67): CodeIgniter\Boot::runCodeIgniter(Object(CodeIgniter\CodeIgniter))
11 FCPATH\index.php(56): CodeIgniter\Boot::bootWeb(Object(Config\Paths))
CRITICAL - 2024-05-12 12:18:36 --> ErrorException: Undefined array key "harga_air"
[Method: GET, Route: kamar]
in APPPATH\Views\kamar\index.php on line 69.
 1 APPPATH\Views\kamar\index.php(69): CodeIgniter\Debug\Exceptions->errorHandler(2, 'Undefined array key "harga_air"', 'D:\\LARAGON\\kosfadli\\app\\Views\\kamar\\index.php', 69)
 2 SYSTEMPATH\View\View.php(234): include('D:\\LARAGON\\kosfadli\\app\\Views\\kamar\\index.php')
 3 SYSTEMPATH\View\View.php(237): CodeIgniter\View\View->CodeIgniter\View\{closure}()
 4 SYSTEMPATH\Common.php(1171): CodeIgniter\View\View->render('kamar/index', [], true)
 5 APPPATH\Controllers\Kamar.php(17): view('kamar/index', [...])
 6 SYSTEMPATH\CodeIgniter.php(933): App\Controllers\Kamar->index()
 7 SYSTEMPATH\CodeIgniter.php(509): CodeIgniter\CodeIgniter->runController(Object(App\Controllers\Kamar))
 8 SYSTEMPATH\CodeIgniter.php(355): CodeIgniter\CodeIgniter->handleRequest(null, Object(Config\Cache), false)
 9 SYSTEMPATH\Boot.php(312): CodeIgniter\CodeIgniter->run()
10 SYSTEMPATH\Boot.php(67): CodeIgniter\Boot::runCodeIgniter(Object(CodeIgniter\CodeIgniter))
11 FCPATH\index.php(56): CodeIgniter\Boot::bootWeb(Object(Config\Paths))
CRITICAL - 2024-05-12 12:18:46 --> ErrorException: Undefined array key "harga_air"
[Method: GET, Route: kamar]
in APPPATH\Views\kamar\index.php on line 69.
 1 APPPATH\Views\kamar\index.php(69): CodeIgniter\Debug\Exceptions->errorHandler(2, 'Undefined array key "harga_air"', 'D:\\LARAGON\\kosfadli\\app\\Views\\kamar\\index.php', 69)
 2 SYSTEMPATH\View\View.php(234): include('D:\\LARAGON\\kosfadli\\app\\Views\\kamar\\index.php')
 3 SYSTEMPATH\View\View.php(237): CodeIgniter\View\View->CodeIgniter\View\{closure}()
 4 SYSTEMPATH\Common.php(1171): CodeIgniter\View\View->render('kamar/index', [], true)
 5 APPPATH\Controllers\Kamar.php(17): view('kamar/index', [...])
 6 SYSTEMPATH\CodeIgniter.php(933): App\Controllers\Kamar->index()
 7 SYSTEMPATH\CodeIgniter.php(509): CodeIgniter\CodeIgniter->runController(Object(App\Controllers\Kamar))
 8 SYSTEMPATH\CodeIgniter.php(355): CodeIgniter\CodeIgniter->handleRequest(null, Object(Config\Cache), false)
 9 SYSTEMPATH\Boot.php(312): CodeIgniter\CodeIgniter->run()
10 SYSTEMPATH\Boot.php(67): CodeIgniter\Boot::runCodeIgniter(Object(CodeIgniter\CodeIgniter))
11 FCPATH\index.php(56): CodeIgniter\Boot::bootWeb(Object(Config\Paths))
CRITICAL - 2024-05-12 12:18:47 --> ErrorException: Undefined array key "harga_air"
[Method: GET, Route: kamar]
in APPPATH\Views\kamar\index.php on line 69.
 1 APPPATH\Views\kamar\index.php(69): CodeIgniter\Debug\Exceptions->errorHandler(2, 'Undefined array key "harga_air"', 'D:\\LARAGON\\kosfadli\\app\\Views\\kamar\\index.php', 69)
 2 SYSTEMPATH\View\View.php(234): include('D:\\LARAGON\\kosfadli\\app\\Views\\kamar\\index.php')
 3 SYSTEMPATH\View\View.php(237): CodeIgniter\View\View->CodeIgniter\View\{closure}()
 4 SYSTEMPATH\Common.php(1171): CodeIgniter\View\View->render('kamar/index', [], true)
 5 APPPATH\Controllers\Kamar.php(17): view('kamar/index', [...])
 6 SYSTEMPATH\CodeIgniter.php(933): App\Controllers\Kamar->index()
 7 SYSTEMPATH\CodeIgniter.php(509): CodeIgniter\CodeIgniter->runController(Object(App\Controllers\Kamar))
 8 SYSTEMPATH\CodeIgniter.php(355): CodeIgniter\CodeIgniter->handleRequest(null, Object(Config\Cache), false)
 9 SYSTEMPATH\Boot.php(312): CodeIgniter\CodeIgniter->run()
10 SYSTEMPATH\Boot.php(67): CodeIgniter\Boot::runCodeIgniter(Object(CodeIgniter\CodeIgniter))
11 FCPATH\index.php(56): CodeIgniter\Boot::bootWeb(Object(Config\Paths))
CRITICAL - 2024-05-12 12:18:57 --> ErrorException: Undefined array key "harga_air"
[Method: GET, Route: kamar]
in APPPATH\Views\kamar\index.php on line 69.
 1 APPPATH\Views\kamar\index.php(69): CodeIgniter\Debug\Exceptions->errorHandler(2, 'Undefined array key "harga_air"', 'D:\\LARAGON\\kosfadli\\app\\Views\\kamar\\index.php', 69)
 2 SYSTEMPATH\View\View.php(234): include('D:\\LARAGON\\kosfadli\\app\\Views\\kamar\\index.php')
 3 SYSTEMPATH\View\View.php(237): CodeIgniter\View\View->CodeIgniter\View\{closure}()
 4 SYSTEMPATH\Common.php(1171): CodeIgniter\View\View->render('kamar/index', [], true)
 5 APPPATH\Controllers\Kamar.php(17): view('kamar/index', [...])
 6 SYSTEMPATH\CodeIgniter.php(933): App\Controllers\Kamar->index()
 7 SYSTEMPATH\CodeIgniter.php(509): CodeIgniter\CodeIgniter->runController(Object(App\Controllers\Kamar))
 8 SYSTEMPATH\CodeIgniter.php(355): CodeIgniter\CodeIgniter->handleRequest(null, Object(Config\Cache), false)
 9 SYSTEMPATH\Boot.php(312): CodeIgniter\CodeIgniter->run()
10 SYSTEMPATH\Boot.php(67): CodeIgniter\Boot::runCodeIgniter(Object(CodeIgniter\CodeIgniter))
11 FCPATH\index.php(56): CodeIgniter\Boot::bootWeb(Object(Config\Paths))
CRITICAL - 2024-05-12 12:20:00 --> Error: Call to undefined method CodeIgniter\Database\MySQLi\Builder::first()
[Method: GET, Route: kamar]
in APPPATH\Controllers\Kamar.php on line 14.
 1 SYSTEMPATH\CodeIgniter.php(933): App\Controllers\Kamar->index()
 2 SYSTEMPATH\CodeIgniter.php(509): CodeIgniter\CodeIgniter->runController(Object(App\Controllers\Kamar))
 3 SYSTEMPATH\CodeIgniter.php(355): CodeIgniter\CodeIgniter->handleRequest(null, Object(Config\Cache), false)
 4 SYSTEMPATH\Boot.php(312): CodeIgniter\CodeIgniter->run()
 5 SYSTEMPATH\Boot.php(67): CodeIgniter\Boot::runCodeIgniter(Object(CodeIgniter\CodeIgniter))
 6 FCPATH\index.php(56): CodeIgniter\Boot::bootWeb(Object(Config\Paths))
CRITICAL - 2024-05-12 12:23:21 --> Error: Cannot use object of type stdClass as array
[Method: GET, Route: kamar]
in APPPATH\Views\kamar\index.php on line 69.
 1 SYSTEMPATH\View\View.php(234): include()
 2 SYSTEMPATH\View\View.php(237): CodeIgniter\View\View->CodeIgniter\View\{closure}()
 3 SYSTEMPATH\Common.php(1171): CodeIgniter\View\View->render('kamar/index', [], true)
 4 APPPATH\Controllers\Kamar.php(17): view('kamar/index', [...])
 5 SYSTEMPATH\CodeIgniter.php(933): App\Controllers\Kamar->index()
 6 SYSTEMPATH\CodeIgniter.php(509): CodeIgniter\CodeIgniter->runController(Object(App\Controllers\Kamar))
 7 SYSTEMPATH\CodeIgniter.php(355): CodeIgniter\CodeIgniter->handleRequest(null, Object(Config\Cache), false)
 8 SYSTEMPATH\Boot.php(312): CodeIgniter\CodeIgniter->run()
 9 SYSTEMPATH\Boot.php(67): CodeIgniter\Boot::runCodeIgniter(Object(CodeIgniter\CodeIgniter))
10 FCPATH\index.php(56): CodeIgniter\Boot::bootWeb(Object(Config\Paths))
CRITICAL - 2024-05-12 12:23:40 --> Error: Cannot use object of type stdClass as array
[Method: GET, Route: kamar]
in APPPATH\Views\kamar\index.php on line 69.
 1 SYSTEMPATH\View\View.php(234): include()
 2 SYSTEMPATH\View\View.php(237): CodeIgniter\View\View->CodeIgniter\View\{closure}()
 3 SYSTEMPATH\Common.php(1171): CodeIgniter\View\View->render('kamar/index', [], true)
 4 APPPATH\Controllers\Kamar.php(17): view('kamar/index', [...])
 5 SYSTEMPATH\CodeIgniter.php(933): App\Controllers\Kamar->index()
 6 SYSTEMPATH\CodeIgniter.php(509): CodeIgniter\CodeIgniter->runController(Object(App\Controllers\Kamar))
 7 SYSTEMPATH\CodeIgniter.php(355): CodeIgniter\CodeIgniter->handleRequest(null, Object(Config\Cache), false)
 8 SYSTEMPATH\Boot.php(312): CodeIgniter\CodeIgniter->run()
 9 SYSTEMPATH\Boot.php(67): CodeIgniter\Boot::runCodeIgniter(Object(CodeIgniter\CodeIgniter))
10 FCPATH\index.php(56): CodeIgniter\Boot::bootWeb(Object(Config\Paths))
INFO - 2024-05-12 12:25:49 --> Session: Class initialized using 'CodeIgniter\Session\Handlers\FileHandler' driver.
CRITICAL - 2024-05-12 12:25:49 --> Error: Call to undefined function validation_list_errors()
[Method: GET, Route: kamar]
in APPPATH\Views\kamar\index.php on line 66.
 1 SYSTEMPATH\View\View.php(234): include()
 2 SYSTEMPATH\View\View.php(237): CodeIgniter\View\View->CodeIgniter\View\{closure}()
 3 SYSTEMPATH\Common.php(1171): CodeIgniter\View\View->render('kamar/index', [], true)
 4 APPPATH\Controllers\Kamar.php(17): view('kamar/index', [...])
 5 SYSTEMPATH\CodeIgniter.php(933): App\Controllers\Kamar->index()
 6 SYSTEMPATH\CodeIgniter.php(509): CodeIgniter\CodeIgniter->runController(Object(App\Controllers\Kamar))
 7 SYSTEMPATH\CodeIgniter.php(355): CodeIgniter\CodeIgniter->handleRequest(null, Object(Config\Cache), false)
 8 SYSTEMPATH\Boot.php(312): CodeIgniter\CodeIgniter->run()
 9 SYSTEMPATH\Boot.php(67): CodeIgniter\Boot::runCodeIgniter(Object(CodeIgniter\CodeIgniter))
10 FCPATH\index.php(56): CodeIgniter\Boot::bootWeb(Object(Config\Paths))
INFO - 2024-05-12 12:26:05 --> Session: Class initialized using 'CodeIgniter\Session\Handlers\FileHandler' driver.
INFO - 2024-05-12 12:26:54 --> Session: Class initialized using 'CodeIgniter\Session\Handlers\FileHandler' driver.
INFO - 2024-05-12 12:26:55 --> CSRF token verified.
INFO - 2024-05-12 12:27:11 --> CSRF token verified.
INFO - 2024-05-12 12:27:18 --> CSRF token verified.
INFO - 2024-05-12 12:27:18 --> Session: Class initialized using 'CodeIgniter\Session\Handlers\FileHandler' driver.
INFO - 2024-05-12 12:27:22 --> CSRF token verified.
INFO - 2024-05-12 12:27:22 --> Session: Class initialized using 'CodeIgniter\Session\Handlers\FileHandler' driver.
INFO - 2024-05-12 12:27:26 --> CSRF token verified.
INFO - 2024-05-12 12:27:26 --> Session: Class initialized using 'CodeIgniter\Session\Handlers\FileHandler' driver.
INFO - 2024-05-12 12:27:34 --> Session: Class initialized using 'CodeIgniter\Session\Handlers\FileHandler' driver.
INFO - 2024-05-12 12:30:47 --> Session: Class initialized using 'CodeIgniter\Session\Handlers\FileHandler' driver.
INFO - 2024-05-12 12:30:54 --> Session: Class initialized using 'CodeIgniter\Session\Handlers\FileHandler' driver.
INFO - 2024-05-12 12:30:58 --> CSRF token verified.
INFO - 2024-05-12 12:31:05 --> Session: Class initialized using 'CodeIgniter\Session\Handlers\FileHandler' driver.
INFO - 2024-05-12 12:31:19 --> Session: Class initialized using 'CodeIgniter\Session\Handlers\FileHandler' driver.
INFO - 2024-05-12 12:31:22 --> Session: Class initialized using 'CodeIgniter\Session\Handlers\FileHandler' driver.
INFO - 2024-05-12 12:31:25 --> Session: Class initialized using 'CodeIgniter\Session\Handlers\FileHandler' driver.
INFO - 2024-05-12 14:48:42 --> Session: Class initialized using 'CodeIgniter\Session\Handlers\FileHandler' driver.
INFO - 2024-05-12 14:48:51 --> Session: Class initialized using 'CodeIgniter\Session\Handlers\FileHandler' driver.
INFO - 2024-05-12 14:48:53 --> Session: Class initialized using 'CodeIgniter\Session\Handlers\FileHandler' driver.
INFO - 2024-05-12 14:52:53 --> Session: Class initialized using 'CodeIgniter\Session\Handlers\FileHandler' driver.
INFO - 2024-05-12 14:59:56 --> Session: Class initialized using 'CodeIgniter\Session\Handlers\FileHandler' driver.
