CRITICAL - 2024-04-13 02:44:50 --> Error: Call to undefined method App\Controllers\Home::myStaticMethod()
[Method: GET, Route: siswa]
in APPPATH\Controllers\Siswa.php on line 15.
 1 SYSTEMPATH\CodeIgniter.php(933): App\Controllers\Siswa->index()
 2 SYSTEMPATH\CodeIgniter.php(509): CodeIgniter\CodeIgniter->runController(Object(App\Controllers\Siswa))
 3 SYSTEMPATH\CodeIgniter.php(355): CodeIgniter\CodeIgniter->handleRequest(null, Object(Config\Cache), false)
 4 SYSTEMPATH\Boot.php(312): CodeIgniter\CodeIgniter->run()
 5 SYSTEMPATH\Boot.php(67): CodeIgniter\Boot::runCodeIgniter(Object(CodeIgniter\CodeIgniter))
 6 FCPATH\index.php(56): CodeIgniter\Boot::bootWeb(Object(Config\Paths))
CRITICAL - 2024-04-13 02:49:10 --> TypeError: CodeIgniter\Router\RouteCollection::processArrayCallableSyntax(): Return value must be of type string, array returned
[Method: GET, Route: admin/siswa]
in SYSTEMPATH\Router\RouteCollection.php on line 1592.
 1 SYSTEMPATH\Router\RouteCollection.php(1456): CodeIgniter\Router\RouteCollection->processArrayCallableSyntax('admin/siswa', [...])
 2 SYSTEMPATH\Router\RouteCollection.php(1053): CodeIgniter\Router\RouteCollection->create('GET', 'admin/siswa', [...], null)
 3 APPPATH\Config\Routes.php(14): CodeIgniter\Router\RouteCollection->get('admin/siswa', [...])
 4 SYSTEMPATH\Router\RouteCollection.php(340): require('D:\\LARAGON\\kosfadli\\app\\Config\\Routes.php')
 5 SYSTEMPATH\CodeIgniter.php(823): CodeIgniter\Router\RouteCollection->loadRoutes()
 6 SYSTEMPATH\CodeIgniter.php(457): CodeIgniter\CodeIgniter->tryToRouteIt(null)
 7 SYSTEMPATH\CodeIgniter.php(355): CodeIgniter\CodeIgniter->handleRequest(null, Object(Config\Cache), false)
 8 SYSTEMPATH\Boot.php(312): CodeIgniter\CodeIgniter->run()
 9 SYSTEMPATH\Boot.php(67): CodeIgniter\Boot::runCodeIgniter(Object(CodeIgniter\CodeIgniter))
10 FCPATH\index.php(56): CodeIgniter\Boot::bootWeb(Object(Config\Paths))
CRITICAL - 2024-04-13 04:28:02 --> ErrorException: Undefined variable $title
[Method: GET, Route: pages]
in APPPATH\Views\templates\header.php on line 8.
 1 APPPATH\Views\templates\header.php(8): CodeIgniter\Debug\Exceptions->errorHandler(2, 'Undefined variable $title', 'D:\\LARAGON\\kosfadli\\app\\Views\\templates\\header.php', 8)
 2 SYSTEMPATH\View\View.php(234): include('D:\\LARAGON\\kosfadli\\app\\Views\\templates\\header.php')
 3 SYSTEMPATH\View\View.php(237): CodeIgniter\View\View->CodeIgniter\View\{closure}()
 4 SYSTEMPATH\Common.php(1171): CodeIgniter\View\View->render('templates/header', [], true)
 5 APPPATH\Controllers\Pages.php(15): view('templates/header')
 6 SYSTEMPATH\CodeIgniter.php(933): App\Controllers\Pages->index()
 7 SYSTEMPATH\CodeIgniter.php(509): CodeIgniter\CodeIgniter->runController(Object(App\Controllers\Pages))
 8 SYSTEMPATH\CodeIgniter.php(355): CodeIgniter\CodeIgniter->handleRequest(null, Object(Config\Cache), false)
 9 SYSTEMPATH\Boot.php(312): CodeIgniter\CodeIgniter->run()
10 SYSTEMPATH\Boot.php(67): CodeIgniter\Boot::runCodeIgniter(Object(CodeIgniter\CodeIgniter))
11 FCPATH\index.php(56): CodeIgniter\Boot::bootWeb(Object(Config\Paths))
CRITICAL - 2024-04-13 04:28:34 --> ErrorException: Undefined variable $title
[Method: GET, Route: pages]
in APPPATH\Views\templates\header.php on line 8.
 1 APPPATH\Views\templates\header.php(8): CodeIgniter\Debug\Exceptions->errorHandler(2, 'Undefined variable $title', 'D:\\LARAGON\\kosfadli\\app\\Views\\templates\\header.php', 8)
 2 SYSTEMPATH\View\View.php(234): include('D:\\LARAGON\\kosfadli\\app\\Views\\templates\\header.php')
 3 SYSTEMPATH\View\View.php(237): CodeIgniter\View\View->CodeIgniter\View\{closure}()
 4 SYSTEMPATH\Common.php(1171): CodeIgniter\View\View->render('templates/header', [], true)
 5 APPPATH\Controllers\Pages.php(15): view('templates/header')
 6 SYSTEMPATH\CodeIgniter.php(933): App\Controllers\Pages->index()
 7 SYSTEMPATH\CodeIgniter.php(509): CodeIgniter\CodeIgniter->runController(Object(App\Controllers\Pages))
 8 SYSTEMPATH\CodeIgniter.php(355): CodeIgniter\CodeIgniter->handleRequest(null, Object(Config\Cache), false)
 9 SYSTEMPATH\Boot.php(312): CodeIgniter\CodeIgniter->run()
10 SYSTEMPATH\Boot.php(67): CodeIgniter\Boot::runCodeIgniter(Object(CodeIgniter\CodeIgniter))
11 FCPATH\index.php(56): CodeIgniter\Boot::bootWeb(Object(Config\Paths))
CRITICAL - 2024-04-13 04:28:35 --> ErrorException: Undefined variable $title
[Method: GET, Route: pages]
in APPPATH\Views\templates\header.php on line 8.
 1 APPPATH\Views\templates\header.php(8): CodeIgniter\Debug\Exceptions->errorHandler(2, 'Undefined variable $title', 'D:\\LARAGON\\kosfadli\\app\\Views\\templates\\header.php', 8)
 2 SYSTEMPATH\View\View.php(234): include('D:\\LARAGON\\kosfadli\\app\\Views\\templates\\header.php')
 3 SYSTEMPATH\View\View.php(237): CodeIgniter\View\View->CodeIgniter\View\{closure}()
 4 SYSTEMPATH\Common.php(1171): CodeIgniter\View\View->render('templates/header', [], true)
 5 APPPATH\Controllers\Pages.php(15): view('templates/header')
 6 SYSTEMPATH\CodeIgniter.php(933): App\Controllers\Pages->index()
 7 SYSTEMPATH\CodeIgniter.php(509): CodeIgniter\CodeIgniter->runController(Object(App\Controllers\Pages))
 8 SYSTEMPATH\CodeIgniter.php(355): CodeIgniter\CodeIgniter->handleRequest(null, Object(Config\Cache), false)
 9 SYSTEMPATH\Boot.php(312): CodeIgniter\CodeIgniter->run()
10 SYSTEMPATH\Boot.php(67): CodeIgniter\Boot::runCodeIgniter(Object(CodeIgniter\CodeIgniter))
11 FCPATH\index.php(56): CodeIgniter\Boot::bootWeb(Object(Config\Paths))
CRITICAL - 2024-04-13 04:30:16 --> ErrorException: Undefined variable $title
[Method: GET, Route: pages]
in APPPATH\Views\templates\header.php on line 8.
 1 APPPATH\Views\templates\header.php(8): CodeIgniter\Debug\Exceptions->errorHandler(2, 'Undefined variable $title', 'D:\\LARAGON\\kosfadli\\app\\Views\\templates\\header.php', 8)
 2 SYSTEMPATH\View\View.php(234): include('D:\\LARAGON\\kosfadli\\app\\Views\\templates\\header.php')
 3 SYSTEMPATH\View\View.php(237): CodeIgniter\View\View->CodeIgniter\View\{closure}()
 4 SYSTEMPATH\Common.php(1171): CodeIgniter\View\View->render('templates/header', [], true)
 5 APPPATH\Controllers\Pages.php(15): view('templates/header')
 6 SYSTEMPATH\CodeIgniter.php(933): App\Controllers\Pages->index()
 7 SYSTEMPATH\CodeIgniter.php(509): CodeIgniter\CodeIgniter->runController(Object(App\Controllers\Pages))
 8 SYSTEMPATH\CodeIgniter.php(355): CodeIgniter\CodeIgniter->handleRequest(null, Object(Config\Cache), false)
 9 SYSTEMPATH\Boot.php(312): CodeIgniter\CodeIgniter->run()
10 SYSTEMPATH\Boot.php(67): CodeIgniter\Boot::runCodeIgniter(Object(CodeIgniter\CodeIgniter))
11 FCPATH\index.php(56): CodeIgniter\Boot::bootWeb(Object(Config\Paths))
CRITICAL - 2024-04-13 04:30:58 --> ErrorException: Undefined variable $title
[Method: GET, Route: pages]
in APPPATH\Views\templates\header.php on line 8.
 1 APPPATH\Views\templates\header.php(8): CodeIgniter\Debug\Exceptions->errorHandler(2, 'Undefined variable $title', 'D:\\LARAGON\\kosfadli\\app\\Views\\templates\\header.php', 8)
 2 SYSTEMPATH\View\View.php(234): include('D:\\LARAGON\\kosfadli\\app\\Views\\templates\\header.php')
 3 SYSTEMPATH\View\View.php(237): CodeIgniter\View\View->CodeIgniter\View\{closure}()
 4 SYSTEMPATH\Common.php(1171): CodeIgniter\View\View->render('templates/header', [], true)
 5 APPPATH\Controllers\Pages.php(15): view('templates/header')
 6 SYSTEMPATH\CodeIgniter.php(933): App\Controllers\Pages->index()
 7 SYSTEMPATH\CodeIgniter.php(509): CodeIgniter\CodeIgniter->runController(Object(App\Controllers\Pages))
 8 SYSTEMPATH\CodeIgniter.php(355): CodeIgniter\CodeIgniter->handleRequest(null, Object(Config\Cache), false)
 9 SYSTEMPATH\Boot.php(312): CodeIgniter\CodeIgniter->run()
10 SYSTEMPATH\Boot.php(67): CodeIgniter\Boot::runCodeIgniter(Object(CodeIgniter\CodeIgniter))
11 FCPATH\index.php(56): CodeIgniter\Boot::bootWeb(Object(Config\Paths))
CRITICAL - 2024-04-13 04:43:52 --> CodeIgniter\View\Exceptions\ViewException: Unable to locate view cell class: "App\Controllers\Pages\info".
[Method: GET, Route: pages]
in SYSTEMPATH\View\Cell.php on line 189.
 1 SYSTEMPATH\View\Cell.php(189): CodeIgniter\View\Exceptions\ViewException::forInvalidCellClass('App\\Controllers\\Pages\\info')
 2 SYSTEMPATH\View\Cell.php(80): CodeIgniter\View\Cell->determineClass('App\\Controllers\\Pages\\info:render')
 3 SYSTEMPATH\Common.php(1187): CodeIgniter\View\Cell->render('App\\Controllers\\Pages\\info', null, 0, null)
 4 APPPATH\Views\pages\home.php(3): view_cell('App\\Controllers\\Pages\\info')
 5 SYSTEMPATH\View\View.php(234): include('D:\\LARAGON\\kosfadli\\app\\Views\\pages\\home.php')
 6 SYSTEMPATH\View\View.php(237): CodeIgniter\View\View->CodeIgniter\View\{closure}()
 7 SYSTEMPATH\Common.php(1171): CodeIgniter\View\View->render('pages/home', [], true)
 8 APPPATH\Controllers\Pages.php(16): view('pages/home', [...])
 9 SYSTEMPATH\CodeIgniter.php(933): App\Controllers\Pages->index()
10 SYSTEMPATH\CodeIgniter.php(509): CodeIgniter\CodeIgniter->runController(Object(App\Controllers\Pages))
11 SYSTEMPATH\CodeIgniter.php(355): CodeIgniter\CodeIgniter->handleRequest(null, Object(Config\Cache), false)
12 SYSTEMPATH\Boot.php(312): CodeIgniter\CodeIgniter->run()
13 SYSTEMPATH\Boot.php(67): CodeIgniter\Boot::runCodeIgniter(Object(CodeIgniter\CodeIgniter))
14 FCPATH\index.php(56): CodeIgniter\Boot::bootWeb(Object(Config\Paths))
CRITICAL - 2024-04-13 04:51:44 --> ErrorException: Undefined array key 1
[Method: GET, Route: pages]
in SYSTEMPATH\View\Cell.php on line 146.
 1 SYSTEMPATH\View\Cell.php(146): CodeIgniter\Debug\Exceptions->errorHandler(2, 'Undefined array key 1', 'D:\\LARAGON\\kosfadli\\system\\View\\Cell.php', 146)
 2 SYSTEMPATH\View\Cell.php(86): CodeIgniter\View\Cell->prepareParams([...])
 3 SYSTEMPATH\Common.php(1187): CodeIgniter\View\Cell->render('App\\Libraries\\Lib_halaman::info', 'hello world', 0, null)
 4 APPPATH\Views\pages\home.php(3): view_cell('App\\Libraries\\Lib_halaman::info', 'hello world')
 5 SYSTEMPATH\View\View.php(234): include('D:\\LARAGON\\kosfadli\\app\\Views\\pages\\home.php')
 6 SYSTEMPATH\View\View.php(237): CodeIgniter\View\View->CodeIgniter\View\{closure}()
 7 SYSTEMPATH\Common.php(1171): CodeIgniter\View\View->render('pages/home', [], true)
 8 APPPATH\Controllers\Pages.php(16): view('pages/home', [...])
 9 SYSTEMPATH\CodeIgniter.php(933): App\Controllers\Pages->index()
10 SYSTEMPATH\CodeIgniter.php(509): CodeIgniter\CodeIgniter->runController(Object(App\Controllers\Pages))
11 SYSTEMPATH\CodeIgniter.php(355): CodeIgniter\CodeIgniter->handleRequest(null, Object(Config\Cache), false)
12 SYSTEMPATH\Boot.php(312): CodeIgniter\CodeIgniter->run()
13 SYSTEMPATH\Boot.php(67): CodeIgniter\Boot::runCodeIgniter(Object(CodeIgniter\CodeIgniter))
14 FCPATH\index.php(56): CodeIgniter\Boot::bootWeb(Object(Config\Paths))
CRITICAL - 2024-04-13 04:58:08 --> ErrorException: Undefined variable $parameter
[Method: GET, Route: pages]
in APPPATH\Views\komponen\halaman_info.php on line 1.
 1 APPPATH\Views\komponen\halaman_info.php(1): CodeIgniter\Debug\Exceptions->errorHandler(2, 'Undefined variable $parameter', 'D:\\LARAGON\\kosfadli\\app\\Views\\komponen\\halaman_info.php', 1)
 2 SYSTEMPATH\View\View.php(234): include('D:\\LARAGON\\kosfadli\\app\\Views\\komponen\\halaman_info.php')
 3 SYSTEMPATH\View\View.php(237): CodeIgniter\View\View->CodeIgniter\View\{closure}()
 4 SYSTEMPATH\Common.php(1171): CodeIgniter\View\View->render('komponen/halaman_info', [], true)
 5 APPPATH\Libraries\Lib_halaman.php(8): view('komponen/halaman_info', [...])
 6 SYSTEMPATH\View\Cell.php(289): App\Libraries\Lib_halaman->info([...])
 7 SYSTEMPATH\View\Cell.php(105): CodeIgniter\View\Cell->renderSimpleClass(Object(App\Libraries\Lib_halaman), 'info', [...], 'App\\Libraries\\Lib_halaman')
 8 SYSTEMPATH\Common.php(1187): CodeIgniter\View\Cell->render('App\\Libraries\\Lib_halaman::info', [...], 0, 'AppLibrariesLib_halamaninfo8f2ee43d8530044f2066c4632d96f284')
 9 APPPATH\Views\pages\home.php(3): view_cell('App\\Libraries\\Lib_halaman::info', [...])
10 SYSTEMPATH\View\View.php(234): include('D:\\LARAGON\\kosfadli\\app\\Views\\pages\\home.php')
11 SYSTEMPATH\View\View.php(237): CodeIgniter\View\View->CodeIgniter\View\{closure}()
12 SYSTEMPATH\Common.php(1171): CodeIgniter\View\View->render('pages/home', [], true)
13 APPPATH\Controllers\Pages.php(16): view('pages/home', [...])
14 SYSTEMPATH\CodeIgniter.php(933): App\Controllers\Pages->index()
15 SYSTEMPATH\CodeIgniter.php(509): CodeIgniter\CodeIgniter->runController(Object(App\Controllers\Pages))
16 SYSTEMPATH\CodeIgniter.php(355): CodeIgniter\CodeIgniter->handleRequest(null, Object(Config\Cache), false)
17 SYSTEMPATH\Boot.php(312): CodeIgniter\CodeIgniter->run()
18 SYSTEMPATH\Boot.php(67): CodeIgniter\Boot::runCodeIgniter(Object(CodeIgniter\CodeIgniter))
19 FCPATH\index.php(56): CodeIgniter\Boot::bootWeb(Object(Config\Paths))
CRITICAL - 2024-04-13 04:59:12 --> ErrorException: Undefined variable $parameter
[Method: GET, Route: pages]
in APPPATH\Views\komponen\halaman_info.php on line 1.
 1 APPPATH\Views\komponen\halaman_info.php(1): CodeIgniter\Debug\Exceptions->errorHandler(2, 'Undefined variable $parameter', 'D:\\LARAGON\\kosfadli\\app\\Views\\komponen\\halaman_info.php', 1)
 2 SYSTEMPATH\View\View.php(234): include('D:\\LARAGON\\kosfadli\\app\\Views\\komponen\\halaman_info.php')
 3 SYSTEMPATH\View\View.php(237): CodeIgniter\View\View->CodeIgniter\View\{closure}()
 4 SYSTEMPATH\Common.php(1171): CodeIgniter\View\View->render('komponen/halaman_info', [], true)
 5 APPPATH\Libraries\Lib_halaman.php(8): view('komponen/halaman_info', [...])
 6 SYSTEMPATH\View\Cell.php(289): App\Libraries\Lib_halaman->info([...])
 7 SYSTEMPATH\View\Cell.php(105): CodeIgniter\View\Cell->renderSimpleClass(Object(App\Libraries\Lib_halaman), 'info', [...], 'App\\Libraries\\Lib_halaman')
 8 SYSTEMPATH\Common.php(1187): CodeIgniter\View\Cell->render('App\\Libraries\\Lib_halaman::info', [...], 0, 'AppLibrariesLib_halamaninfo8f2ee43d8530044f2066c4632d96f284')
 9 APPPATH\Views\pages\home.php(3): view_cell('App\\Libraries\\Lib_halaman::info', [...])
10 SYSTEMPATH\View\View.php(234): include('D:\\LARAGON\\kosfadli\\app\\Views\\pages\\home.php')
11 SYSTEMPATH\View\View.php(237): CodeIgniter\View\View->CodeIgniter\View\{closure}()
12 SYSTEMPATH\Common.php(1171): CodeIgniter\View\View->render('pages/home', [], true)
13 APPPATH\Controllers\Pages.php(16): view('pages/home', [...])
14 SYSTEMPATH\CodeIgniter.php(933): App\Controllers\Pages->index()
15 SYSTEMPATH\CodeIgniter.php(509): CodeIgniter\CodeIgniter->runController(Object(App\Controllers\Pages))
16 SYSTEMPATH\CodeIgniter.php(355): CodeIgniter\CodeIgniter->handleRequest(null, Object(Config\Cache), false)
17 SYSTEMPATH\Boot.php(312): CodeIgniter\CodeIgniter->run()
18 SYSTEMPATH\Boot.php(67): CodeIgniter\Boot::runCodeIgniter(Object(CodeIgniter\CodeIgniter))
19 FCPATH\index.php(56): CodeIgniter\Boot::bootWeb(Object(Config\Paths))
CRITICAL - 2024-04-13 04:59:23 --> ErrorException: Undefined variable $parameter
[Method: GET, Route: pages]
in APPPATH\Views\komponen\halaman_info.php on line 1.
 1 APPPATH\Views\komponen\halaman_info.php(1): CodeIgniter\Debug\Exceptions->errorHandler(2, 'Undefined variable $parameter', 'D:\\LARAGON\\kosfadli\\app\\Views\\komponen\\halaman_info.php', 1)
 2 SYSTEMPATH\View\View.php(234): include('D:\\LARAGON\\kosfadli\\app\\Views\\komponen\\halaman_info.php')
 3 SYSTEMPATH\View\View.php(237): CodeIgniter\View\View->CodeIgniter\View\{closure}()
 4 SYSTEMPATH\Common.php(1171): CodeIgniter\View\View->render('komponen/halaman_info', [], true)
 5 APPPATH\Libraries\Lib_halaman.php(8): view('komponen/halaman_info', [...])
 6 SYSTEMPATH\View\Cell.php(289): App\Libraries\Lib_halaman->info([...])
 7 SYSTEMPATH\View\Cell.php(105): CodeIgniter\View\Cell->renderSimpleClass(Object(App\Libraries\Lib_halaman), 'info', [...], 'App\\Libraries\\Lib_halaman')
 8 SYSTEMPATH\Common.php(1187): CodeIgniter\View\Cell->render('App\\Libraries\\Lib_halaman::info', [...], 0, 'AppLibrariesLib_halamaninfo8f2ee43d8530044f2066c4632d96f284')
 9 APPPATH\Views\pages\home.php(3): view_cell('App\\Libraries\\Lib_halaman::info', [...])
10 SYSTEMPATH\View\View.php(234): include('D:\\LARAGON\\kosfadli\\app\\Views\\pages\\home.php')
11 SYSTEMPATH\View\View.php(237): CodeIgniter\View\View->CodeIgniter\View\{closure}()
12 SYSTEMPATH\Common.php(1171): CodeIgniter\View\View->render('pages/home', [], true)
13 APPPATH\Controllers\Pages.php(16): view('pages/home', [...])
14 SYSTEMPATH\CodeIgniter.php(933): App\Controllers\Pages->index()
15 SYSTEMPATH\CodeIgniter.php(509): CodeIgniter\CodeIgniter->runController(Object(App\Controllers\Pages))
16 SYSTEMPATH\CodeIgniter.php(355): CodeIgniter\CodeIgniter->handleRequest(null, Object(Config\Cache), false)
17 SYSTEMPATH\Boot.php(312): CodeIgniter\CodeIgniter->run()
18 SYSTEMPATH\Boot.php(67): CodeIgniter\Boot::runCodeIgniter(Object(CodeIgniter\CodeIgniter))
19 FCPATH\index.php(56): CodeIgniter\Boot::bootWeb(Object(Config\Paths))
CRITICAL - 2024-04-13 05:02:07 --> ErrorException: Allowed memory size of 536870912 bytes exhausted (tried to allocate 32768 bytes)
[Method: GET, Route: pages]
in APPPATH\Views\komponen\halaman_info.php on line 1.
 1 [internal function]: CodeIgniter\Debug\Exceptions->shutdownHandler()
CRITICAL - 2024-04-13 05:09:34 --> Error: Call to undefined method CodeIgniter\View\View::extends()
[Method: GET, Route: pages]
in APPPATH\Views\pages\home.php on line 1.
 1 SYSTEMPATH\View\View.php(234): include()
 2 SYSTEMPATH\View\View.php(237): CodeIgniter\View\View->CodeIgniter\View\{closure}()
 3 SYSTEMPATH\Common.php(1171): CodeIgniter\View\View->render('pages/home', [], true)
 4 APPPATH\Controllers\Pages.php(16): view('pages/home', [...])
 5 SYSTEMPATH\CodeIgniter.php(933): App\Controllers\Pages->index()
 6 SYSTEMPATH\CodeIgniter.php(509): CodeIgniter\CodeIgniter->runController(Object(App\Controllers\Pages))
 7 SYSTEMPATH\CodeIgniter.php(355): CodeIgniter\CodeIgniter->handleRequest(null, Object(Config\Cache), false)
 8 SYSTEMPATH\Boot.php(312): CodeIgniter\CodeIgniter->run()
 9 SYSTEMPATH\Boot.php(67): CodeIgniter\Boot::runCodeIgniter(Object(CodeIgniter\CodeIgniter))
10 FCPATH\index.php(56): CodeIgniter\Boot::bootWeb(Object(Config\Paths))
CRITICAL - 2024-04-13 05:10:38 --> Error: Call to undefined method CodeIgniter\View\View::extends()
[Method: GET, Route: pages]
in APPPATH\Views\pages\home.php on line 1.
 1 SYSTEMPATH\View\View.php(234): include()
 2 SYSTEMPATH\View\View.php(237): CodeIgniter\View\View->CodeIgniter\View\{closure}()
 3 SYSTEMPATH\Common.php(1171): CodeIgniter\View\View->render('pages/home', [], true)
 4 APPPATH\Controllers\Pages.php(16): view('pages/home', [...])
 5 SYSTEMPATH\CodeIgniter.php(933): App\Controllers\Pages->index()
 6 SYSTEMPATH\CodeIgniter.php(509): CodeIgniter\CodeIgniter->runController(Object(App\Controllers\Pages))
 7 SYSTEMPATH\CodeIgniter.php(355): CodeIgniter\CodeIgniter->handleRequest(null, Object(Config\Cache), false)
 8 SYSTEMPATH\Boot.php(312): CodeIgniter\CodeIgniter->run()
 9 SYSTEMPATH\Boot.php(67): CodeIgniter\Boot::runCodeIgniter(Object(CodeIgniter\CodeIgniter))
10 FCPATH\index.php(56): CodeIgniter\Boot::bootWeb(Object(Config\Paths))
CRITICAL - 2024-04-13 07:08:05 --> ErrorException: Undefined variable $title
[Method: GET, Route: halaman]
in APPPATH\Views\layout\layout_utama.php on line 7.
 1 APPPATH\Views\layout\layout_utama.php(7): CodeIgniter\Debug\Exceptions->errorHandler(2, 'Undefined variable $title', 'D:\\LARAGON\\kosfadli\\app\\Views\\layout\\layout_utama.php', 7)
 2 SYSTEMPATH\View\View.php(234): include('D:\\LARAGON\\kosfadli\\app\\Views\\layout\\layout_utama.php')
 3 SYSTEMPATH\View\View.php(237): CodeIgniter\View\View->CodeIgniter\View\{closure}()
 4 SYSTEMPATH\View\View.php(250): CodeIgniter\View\View->render('layout/layout_utama', [], true)
 5 SYSTEMPATH\Common.php(1171): CodeIgniter\View\View->render('halaman/index', [], true)
 6 APPPATH\Controllers\Halaman.php(9): view('halaman/index')
 7 SYSTEMPATH\CodeIgniter.php(933): App\Controllers\Halaman->index()
 8 SYSTEMPATH\CodeIgniter.php(509): CodeIgniter\CodeIgniter->runController(Object(App\Controllers\Halaman))
 9 SYSTEMPATH\CodeIgniter.php(355): CodeIgniter\CodeIgniter->handleRequest(null, Object(Config\Cache), false)
10 SYSTEMPATH\Boot.php(312): CodeIgniter\CodeIgniter->run()
11 SYSTEMPATH\Boot.php(67): CodeIgniter\Boot::runCodeIgniter(Object(CodeIgniter\CodeIgniter))
12 FCPATH\index.php(56): CodeIgniter\Boot::bootWeb(Object(Config\Paths))
CRITICAL - 2024-04-13 07:32:07 --> ErrorException: Undefined array key "halaman"
[Method: GET, Route: halaman/read]
in APPPATH\Views\halaman\read.php on line 12.
 1 APPPATH\Views\halaman\read.php(12): CodeIgniter\Debug\Exceptions->errorHandler(2, 'Undefined array key "halaman"', 'D:\\LARAGON\\kosfadli\\app\\Views\\halaman\\read.php', 12)
 2 SYSTEMPATH\View\View.php(234): include('D:\\LARAGON\\kosfadli\\app\\Views\\halaman\\read.php')
 3 SYSTEMPATH\View\View.php(237): CodeIgniter\View\View->CodeIgniter\View\{closure}()
 4 SYSTEMPATH\Common.php(1171): CodeIgniter\View\View->render('halaman/read', [], true)
 5 APPPATH\Controllers\Halaman.php(34): view('halaman/read', [...])
 6 SYSTEMPATH\CodeIgniter.php(933): App\Controllers\Halaman->halaman_read()
 7 SYSTEMPATH\CodeIgniter.php(509): CodeIgniter\CodeIgniter->runController(Object(App\Controllers\Halaman))
 8 SYSTEMPATH\CodeIgniter.php(355): CodeIgniter\CodeIgniter->handleRequest(null, Object(Config\Cache), false)
 9 SYSTEMPATH\Boot.php(312): CodeIgniter\CodeIgniter->run()
10 SYSTEMPATH\Boot.php(67): CodeIgniter\Boot::runCodeIgniter(Object(CodeIgniter\CodeIgniter))
11 FCPATH\index.php(56): CodeIgniter\Boot::bootWeb(Object(Config\Paths))
CRITICAL - 2024-04-13 07:48:12 --> ErrorException: Trying to access array offset on value of type null
[Method: GET, Route: halaman/edit/1]
in APPPATH\Views\halaman\update.php on line 7.
 1 APPPATH\Views\halaman\update.php(7): CodeIgniter\Debug\Exceptions->errorHandler(2, 'Trying to access array offset on value of type null', 'D:\\LARAGON\\kosfadli\\app\\Views\\halaman\\update.php', 7)
 2 SYSTEMPATH\View\View.php(234): include('D:\\LARAGON\\kosfadli\\app\\Views\\halaman\\update.php')
 3 SYSTEMPATH\View\View.php(237): CodeIgniter\View\View->CodeIgniter\View\{closure}()
 4 SYSTEMPATH\Common.php(1171): CodeIgniter\View\View->render('halaman/update', [], true)
 5 APPPATH\Controllers\Halaman.php(50): view('halaman/update', [...])
 6 SYSTEMPATH\CodeIgniter.php(933): App\Controllers\Halaman->halaman_update(1)
 7 SYSTEMPATH\CodeIgniter.php(509): CodeIgniter\CodeIgniter->runController(Object(App\Controllers\Halaman))
 8 SYSTEMPATH\CodeIgniter.php(355): CodeIgniter\CodeIgniter->handleRequest(null, Object(Config\Cache), false)
 9 SYSTEMPATH\Boot.php(312): CodeIgniter\CodeIgniter->run()
10 SYSTEMPATH\Boot.php(67): CodeIgniter\Boot::runCodeIgniter(Object(CodeIgniter\CodeIgniter))
11 FCPATH\index.php(56): CodeIgniter\Boot::bootWeb(Object(Config\Paths))
WARNING - 2024-04-13 12:25:44 --> [DEPRECATED] Creation of dynamic property App\Models\ModelKustom::$db is deprecated in APPPATH\Models\ModelKustom.php on line 8.
 1 APPPATH\Controllers\Halaman.php(61): App\Models\ModelKustom->__construct()
 2 SYSTEMPATH\CodeIgniter.php(933): App\Controllers\Halaman->halaman_cek()
 3 SYSTEMPATH\CodeIgniter.php(509): CodeIgniter\CodeIgniter->runController(Object(App\Controllers\Halaman))
 4 SYSTEMPATH\CodeIgniter.php(355): CodeIgniter\CodeIgniter->handleRequest(null, Object(Config\Cache), false)
 5 SYSTEMPATH\Boot.php(312): CodeIgniter\CodeIgniter->run()
 6 SYSTEMPATH\Boot.php(67): CodeIgniter\Boot::runCodeIgniter(Object(CodeIgniter\CodeIgniter))
 7 FCPATH\index.php(56): CodeIgniter\Boot::bootWeb(Object(Config\Paths))
